15/06/2025 7:29:53 p. m.GetFeedingByFood: Buscando registros para alimento ID 12
15/06/2025 7:29:54 p. m.GetFeedingByFood: Encontrados 2 registros para alimento ID 12
15/06/2025 7:29:54 p. m.GetFeedingByFood: Buscando registros para alimento ID 12
15/06/2025 7:29:54 p. m.GetFeedingByFood: Encontrados 2 registros para alimento ID 12
15/06/2025 7:29:54 p. m.GetFeedingByFood: Buscando registros para alimento ID 13
15/06/2025 7:29:54 p. m.GetFeedingByFood: Buscando registros para alimento ID 12
15/06/2025 7:29:54 p. m.GetFeedingByFood: Encontrados 2 registros para alimento ID 12
15/06/2025 7:29:54 p. m.GetFeedingByFood: Buscando registros para alimento ID 12
15/06/2025 7:29:54 p. m.GetFeedingByFood: Encontrados 1 registros para alimento ID 13
15/06/2025 7:29:54 p. m.GetFeedingByFood: Encontrados 2 registros para alimento ID 12
15/06/2025 7:29:54 p. m.GetFeedingByFood: Buscando registros para alimento ID 13
15/06/2025 7:29:54 p. m.GetFeedingByFood: Encontrados 1 registros para alimento ID 13
15/06/2025 7:29:54 p. m.GetFeedingByFood: Buscando registros para alimento ID 14
15/06/2025 7:29:54 p. m.GetFeedingByFood: Buscando registros para alimento ID 13
15/06/2025 7:29:54 p. m.GetFeedingByFood: Encontrados 1 registros para alimento ID 13
15/06/2025 7:29:54 p. m.GetFeedingByFood: Encontrados 1 registros para alimento ID 14
15/06/2025 7:29:54 p. m.GetFeedingByFood: Buscando registros para alimento ID 13
15/06/2025 7:29:54 p. m.GetFeedingByFood: Encontrados 1 registros para alimento ID 13
15/06/2025 7:29:54 p. m.GetFeedingByFood: Buscando registros para alimento ID 14
15/06/2025 7:29:54 p. m.GetFeedingByFood: Encontrados 1 registros para alimento ID 14
15/06/2025 7:29:54 p. m.GetFeedingByFood: Buscando registros para alimento ID 15
15/06/2025 7:29:54 p. m.GetFeedingByFood: Encontrados 1 registros para alimento ID 15
15/06/2025 7:29:54 p. m.GetFeedingByFood: Buscando registros para alimento ID 14
15/06/2025 7:29:54 p. m.GetFeedingByFood: Buscando registros para alimento ID 15
15/06/2025 7:29:54 p. m.GetFeedingByFood: Encontrados 1 registros para alimento ID 14
15/06/2025 7:29:54 p. m.GetFeedingByFood: Encontrados 1 registros para alimento ID 15
15/06/2025 7:29:55 p. m.GetFeedingByFood: Buscando registros para alimento ID 14
15/06/2025 7:29:55 p. m.GetFeedingByFood: Encontrados 1 registros para alimento ID 14
15/06/2025 7:29:55 p. m.GetFeedingByFood: Buscando registros para alimento ID 15
15/06/2025 7:29:55 p. m.GetFeedingByFood: Buscando registros para alimento ID 16
15/06/2025 7:29:55 p. m.GetFeedingByFood: Encontrados 1 registros para alimento ID 15
15/06/2025 7:29:55 p. m.GetFeedingByFood: Encontrados 1 registros para alimento ID 16
15/06/2025 7:29:55 p. m.GetFeedingByFood: Buscando registros para alimento ID 15
15/06/2025 7:29:55 p. m.GetFeedingByFood: Buscando registros para alimento ID 16
15/06/2025 7:29:55 p. m.GetFeedingByFood: Encontrados 1 registros para alimento ID 15
15/06/2025 7:29:55 p. m.GetFeedingByFood: Encontrados 1 registros para alimento ID 16
15/06/2025 7:29:55 p. m.GetFeedingByFood: Buscando registros para alimento ID 16
15/06/2025 7:29:55 p. m.GetFeedingByFood: Buscando registros para alimento ID 17
15/06/2025 7:29:55 p. m.GetFeedingByFood: Encontrados 1 registros para alimento ID 16
15/06/2025 7:29:55 p. m.GetFeedingByFood: Buscando registros para alimento ID 16
15/06/2025 7:29:55 p. m.GetFeedingByFood: Encontrados 0 registros para alimento ID 17
15/06/2025 7:29:55 p. m.GetFeedingByFood: Encontrados 1 registros para alimento ID 16
15/06/2025 7:29:55 p. m.GetFeedingByFood: Buscando registros para alimento ID 17
15/06/2025 7:29:55 p. m.GetFeedingByFood: Encontrados 0 registros para alimento ID 17
15/06/2025 7:29:55 p. m.GetFeedingByFood: Buscando registros para alimento ID 17
15/06/2025 7:29:55 p. m.GetFeedingByFood: Encontrados 0 registros para alimento ID 17
15/06/2025 7:29:55 p. m.GetFeedingByFood: Buscando registros para alimento ID 17
15/06/2025 7:29:55 p. m.GetFeedingByFood: Encontrados 0 registros para alimento ID 17
15/06/2025 7:33:11 p. m.GetFeedingByFood: Buscando registros para alimento ID 12
15/06/2025 7:33:11 p. m.GetFeedingByFood: Encontrados 2 registros para alimento ID 12
15/06/2025 7:33:11 p. m.GetFeedingByFood: Buscando registros para alimento ID 12
15/06/2025 7:33:11 p. m.GetFeedingByFood: Encontrados 2 registros para alimento ID 12
15/06/2025 7:33:11 p. m.GetFeedingByFood: Buscando registros para alimento ID 13
15/06/2025 7:33:11 p. m.GetFeedingByFood: Encontrados 1 registros para alimento ID 13
15/06/2025 7:33:11 p. m.GetFeedingByFood: Buscando registros para alimento ID 13
15/06/2025 7:33:11 p. m.GetFeedingByFood: Encontrados 1 registros para alimento ID 13
15/06/2025 7:33:11 p. m.GetFeedingByFood: Buscando registros para alimento ID 14
15/06/2025 7:33:11 p. m.GetFeedingByFood: Encontrados 1 registros para alimento ID 14
15/06/2025 7:33:11 p. m.GetFeedingByFood: Buscando registros para alimento ID 14
15/06/2025 7:33:11 p. m.GetFeedingByFood: Buscando registros para alimento ID 15
15/06/2025 7:33:11 p. m.GetFeedingByFood: Encontrados 1 registros para alimento ID 15
15/06/2025 7:33:11 p. m.GetFeedingByFood: Encontrados 1 registros para alimento ID 14
15/06/2025 7:33:11 p. m.GetFeedingByFood: Buscando registros para alimento ID 15
15/06/2025 7:33:11 p. m.GetFeedingByFood: Buscando registros para alimento ID 16
15/06/2025 7:33:11 p. m.GetFeedingByFood: Encontrados 1 registros para alimento ID 15
15/06/2025 7:33:11 p. m.GetFeedingByFood: Encontrados 1 registros para alimento ID 16
15/06/2025 7:33:11 p. m.GetFeedingByFood: Buscando registros para alimento ID 16
15/06/2025 7:33:11 p. m.GetFeedingByFood: Buscando registros para alimento ID 17
15/06/2025 7:33:11 p. m.GetFeedingByFood: Encontrados 1 registros para alimento ID 16
15/06/2025 7:33:11 p. m.GetFeedingByFood: Encontrados 0 registros para alimento ID 17
15/06/2025 7:33:12 p. m.GetFeedingByFood: Buscando registros para alimento ID 17
15/06/2025 7:33:12 p. m.GetFeedingByFood: Encontrados 0 registros para alimento ID 17
15/06/2025 7:33:15 p. m.GetFeedingByFood: Buscando registros para alimento ID 12
15/06/2025 7:33:15 p. m.GetFeedingByFood: Encontrados 2 registros para alimento ID 12
15/06/2025 7:33:15 p. m.GetFeedingByFood: Buscando registros para alimento ID 12
15/06/2025 7:33:15 p. m.GetFeedingByFood: Encontrados 2 registros para alimento ID 12
15/06/2025 7:33:15 p. m.GetFeedingByFood: Buscando registros para alimento ID 13
15/06/2025 7:33:15 p. m.GetFeedingByFood: Encontrados 1 registros para alimento ID 13
15/06/2025 7:33:15 p. m.GetFeedingByFood: Buscando registros para alimento ID 13
15/06/2025 7:33:15 p. m.GetFeedingByFood: Buscando registros para alimento ID 14
15/06/2025 7:33:15 p. m.GetFeedingByFood: Encontrados 1 registros para alimento ID 13
15/06/2025 7:33:15 p. m.GetFeedingByFood: Encontrados 1 registros para alimento ID 14
15/06/2025 7:33:15 p. m.GetFeedingByFood: Buscando registros para alimento ID 14
15/06/2025 7:33:15 p. m.GetFeedingByFood: Buscando registros para alimento ID 15
15/06/2025 7:33:15 p. m.GetFeedingByFood: Encontrados 1 registros para alimento ID 14
15/06/2025 7:33:15 p. m.GetFeedingByFood: Encontrados 1 registros para alimento ID 15
15/06/2025 7:33:15 p. m.GetFeedingByFood: Buscando registros para alimento ID 15
15/06/2025 7:33:15 p. m.GetFeedingByFood: Buscando registros para alimento ID 16
15/06/2025 7:33:15 p. m.GetFeedingByFood: Encontrados 1 registros para alimento ID 15
15/06/2025 7:33:15 p. m.GetFeedingByFood: Encontrados 1 registros para alimento ID 16
15/06/2025 7:33:15 p. m.GetFeedingByFood: Buscando registros para alimento ID 16
15/06/2025 7:33:15 p. m.GetFeedingByFood: Encontrados 1 registros para alimento ID 16
15/06/2025 7:33:15 p. m.GetFeedingByFood: Buscando registros para alimento ID 17
15/06/2025 7:33:15 p. m.GetFeedingByFood: Encontrados 0 registros para alimento ID 17
15/06/2025 7:33:15 p. m.GetFeedingByFood: Buscando registros para alimento ID 17
15/06/2025 7:33:15 p. m.GetFeedingByFood: Encontrados 0 registros para alimento ID 17
15/06/2025 7:33:38 p. m.Cambiando estado del alimento ID 17 a Inactivo
15/06/2025 7:33:38 p. m.Cambiando estado de alimento ID 17 de 'Existente' a 'Inactivo'
15/06/2025 7:33:38 p. m.Alimento desactivado a 'Inactivo'
15/06/2025 7:33:38 p. m.Estado final guardado: 'Inactivo' para alimento ID 17
15/06/2025 7:33:38 p. m.GetFeedingByFood: Buscando registros para alimento ID 12
15/06/2025 7:33:38 p. m.GetFeedingByFood: Encontrados 2 registros para alimento ID 12
15/06/2025 7:33:38 p. m.GetFeedingByFood: Buscando registros para alimento ID 12
15/06/2025 7:33:38 p. m.GetFeedingByFood: Encontrados 2 registros para alimento ID 12
15/06/2025 7:33:39 p. m.GetFeedingByFood: Buscando registros para alimento ID 13
15/06/2025 7:33:39 p. m.GetFeedingByFood: Encontrados 1 registros para alimento ID 13
15/06/2025 7:33:39 p. m.GetFeedingByFood: Buscando registros para alimento ID 13
15/06/2025 7:33:39 p. m.GetFeedingByFood: Encontrados 1 registros para alimento ID 13
15/06/2025 7:33:39 p. m.GetFeedingByFood: Buscando registros para alimento ID 14
15/06/2025 7:33:39 p. m.GetFeedingByFood: Encontrados 1 registros para alimento ID 14
15/06/2025 7:33:39 p. m.GetFeedingByFood: Buscando registros para alimento ID 14
15/06/2025 7:33:39 p. m.GetFeedingByFood: Encontrados 1 registros para alimento ID 14
15/06/2025 7:33:39 p. m.GetFeedingByFood: Buscando registros para alimento ID 15
15/06/2025 7:33:39 p. m.GetFeedingByFood: Encontrados 1 registros para alimento ID 15
15/06/2025 7:33:39 p. m.GetFeedingByFood: Buscando registros para alimento ID 15
15/06/2025 7:33:39 p. m.GetFeedingByFood: Encontrados 1 registros para alimento ID 15
15/06/2025 7:33:39 p. m.GetFeedingByFood: Buscando registros para alimento ID 16
15/06/2025 7:33:39 p. m.GetFeedingByFood: Encontrados 1 registros para alimento ID 16
15/06/2025 7:33:39 p. m.GetFeedingByFood: Buscando registros para alimento ID 16
15/06/2025 7:33:39 p. m.GetFeedingByFood: Encontrados 1 registros para alimento ID 16
15/06/2025 7:33:39 p. m.GetFeedingByFood: Buscando registros para alimento ID 17
15/06/2025 7:33:39 p. m.GetFeedingByFood: Encontrados 0 registros para alimento ID 17
15/06/2025 7:33:39 p. m.GetFeedingByFood: Buscando registros para alimento ID 17
15/06/2025 7:33:39 p. m.GetFeedingByFood: Encontrados 0 registros para alimento ID 17
15/06/2025 7:33:40 p. m.GetFeedingByFood: Buscando registros para alimento ID 12
15/06/2025 7:33:40 p. m.GetFeedingByFood: Encontrados 2 registros para alimento ID 12
15/06/2025 7:33:40 p. m.GetFeedingByFood: Buscando registros para alimento ID 12
15/06/2025 7:33:40 p. m.GetFeedingByFood: Encontrados 2 registros para alimento ID 12
15/06/2025 7:33:40 p. m.GetFeedingByFood: Buscando registros para alimento ID 13
15/06/2025 7:33:40 p. m.GetFeedingByFood: Encontrados 1 registros para alimento ID 13
15/06/2025 7:33:40 p. m.GetFeedingByFood: Buscando registros para alimento ID 13
15/06/2025 7:33:40 p. m.GetFeedingByFood: Encontrados 1 registros para alimento ID 13
15/06/2025 7:33:40 p. m.GetFeedingByFood: Buscando registros para alimento ID 14
15/06/2025 7:33:40 p. m.GetFeedingByFood: Encontrados 1 registros para alimento ID 14
15/06/2025 7:33:40 p. m.GetFeedingByFood: Buscando registros para alimento ID 14
15/06/2025 7:33:40 p. m.GetFeedingByFood: Encontrados 1 registros para alimento ID 14
15/06/2025 7:33:40 p. m.GetFeedingByFood: Buscando registros para alimento ID 15
15/06/2025 7:33:40 p. m.GetFeedingByFood: Encontrados 1 registros para alimento ID 15
15/06/2025 7:33:40 p. m.GetFeedingByFood: Buscando registros para alimento ID 15
15/06/2025 7:33:40 p. m.GetFeedingByFood: Encontrados 1 registros para alimento ID 15
15/06/2025 7:33:40 p. m.GetFeedingByFood: Buscando registros para alimento ID 16
15/06/2025 7:33:40 p. m.GetFeedingByFood: Encontrados 1 registros para alimento ID 16
15/06/2025 7:33:40 p. m.GetFeedingByFood: Buscando registros para alimento ID 16
15/06/2025 7:33:40 p. m.GetFeedingByFood: Encontrados 1 registros para alimento ID 16
15/06/2025 7:33:40 p. m.GetFeedingByFood: Buscando registros para alimento ID 17
15/06/2025 7:33:40 p. m.GetFeedingByFood: Encontrados 0 registros para alimento ID 17
15/06/2025 7:33:40 p. m.GetFeedingByFood: Buscando registros para alimento ID 17
15/06/2025 7:33:40 p. m.GetFeedingByFood: Encontrados 0 registros para alimento ID 17
15/06/2025 7:33:42 p. m.GetFeedingByFood: Buscando registros para alimento ID 12
15/06/2025 7:33:42 p. m.GetFeedingByFood: Encontrados 2 registros para alimento ID 12
15/06/2025 7:33:42 p. m.GetFeedingByFood: Buscando registros para alimento ID 12
15/06/2025 7:33:42 p. m.GetFeedingByFood: Encontrados 2 registros para alimento ID 12
15/06/2025 7:33:42 p. m.GetFeedingByFood: Buscando registros para alimento ID 13
15/06/2025 7:33:42 p. m.GetFeedingByFood: Encontrados 1 registros para alimento ID 13
15/06/2025 7:33:42 p. m.GetFeedingByFood: Buscando registros para alimento ID 13
15/06/2025 7:33:42 p. m.GetFeedingByFood: Encontrados 1 registros para alimento ID 13
15/06/2025 7:33:42 p. m.GetFeedingByFood: Buscando registros para alimento ID 14
15/06/2025 7:33:42 p. m.GetFeedingByFood: Encontrados 1 registros para alimento ID 14
15/06/2025 7:33:42 p. m.GetFeedingByFood: Buscando registros para alimento ID 14
15/06/2025 7:33:42 p. m.GetFeedingByFood: Buscando registros para alimento ID 15
15/06/2025 7:33:42 p. m.GetFeedingByFood: Encontrados 1 registros para alimento ID 15
15/06/2025 7:33:42 p. m.GetFeedingByFood: Encontrados 1 registros para alimento ID 14
15/06/2025 7:33:43 p. m.GetFeedingByFood: Buscando registros para alimento ID 16
15/06/2025 7:33:43 p. m.GetFeedingByFood: Buscando registros para alimento ID 15
15/06/2025 7:33:43 p. m.GetFeedingByFood: Encontrados 1 registros para alimento ID 16
15/06/2025 7:33:43 p. m.GetFeedingByFood: Encontrados 1 registros para alimento ID 15
15/06/2025 7:33:43 p. m.GetFeedingByFood: Buscando registros para alimento ID 17
15/06/2025 7:33:43 p. m.GetFeedingByFood: Buscando registros para alimento ID 16
15/06/2025 7:33:43 p. m.GetFeedingByFood: Encontrados 0 registros para alimento ID 17
15/06/2025 7:33:43 p. m.GetFeedingByFood: Encontrados 1 registros para alimento ID 16
15/06/2025 7:33:43 p. m.GetFeedingByFood: Buscando registros para alimento ID 17
15/06/2025 7:33:43 p. m.GetFeedingByFood: Encontrados 0 registros para alimento ID 17
15/06/2025 7:33:45 p. m.GetFeedingByFood: Buscando registros para alimento ID 12
15/06/2025 7:33:45 p. m.GetFeedingByFood: Encontrados 2 registros para alimento ID 12
15/06/2025 7:33:45 p. m.GetFeedingByFood: Buscando registros para alimento ID 12
15/06/2025 7:33:45 p. m.GetFeedingByFood: Encontrados 2 registros para alimento ID 12
15/06/2025 7:33:45 p. m.GetFeedingByFood: Buscando registros para alimento ID 13
15/06/2025 7:33:45 p. m.GetFeedingByFood: Encontrados 1 registros para alimento ID 13
15/06/2025 7:33:45 p. m.GetFeedingByFood: Buscando registros para alimento ID 13
15/06/2025 7:33:45 p. m.GetFeedingByFood: Encontrados 1 registros para alimento ID 13
15/06/2025 7:33:45 p. m.GetFeedingByFood: Buscando registros para alimento ID 14
15/06/2025 7:33:45 p. m.GetFeedingByFood: Encontrados 1 registros para alimento ID 14
15/06/2025 7:33:45 p. m.GetFeedingByFood: Buscando registros para alimento ID 14
15/06/2025 7:33:45 p. m.GetFeedingByFood: Encontrados 1 registros para alimento ID 14
15/06/2025 7:33:45 p. m.GetFeedingByFood: Buscando registros para alimento ID 15
15/06/2025 7:33:45 p. m.GetFeedingByFood: Encontrados 1 registros para alimento ID 15
15/06/2025 7:33:45 p. m.GetFeedingByFood: Buscando registros para alimento ID 15
15/06/2025 7:33:45 p. m.GetFeedingByFood: Encontrados 1 registros para alimento ID 15
15/06/2025 7:33:45 p. m.GetFeedingByFood: Buscando registros para alimento ID 16
15/06/2025 7:33:45 p. m.GetFeedingByFood: Encontrados 1 registros para alimento ID 16
15/06/2025 7:33:45 p. m.GetFeedingByFood: Buscando registros para alimento ID 16
15/06/2025 7:33:45 p. m.GetFeedingByFood: Buscando registros para alimento ID 17
15/06/2025 7:33:45 p. m.GetFeedingByFood: Encontrados 1 registros para alimento ID 16
15/06/2025 7:33:45 p. m.GetFeedingByFood: Encontrados 0 registros para alimento ID 17
15/06/2025 7:33:45 p. m.GetFeedingByFood: Buscando registros para alimento ID 17
15/06/2025 7:33:45 p. m.GetFeedingByFood: Encontrados 0 registros para alimento ID 17
15/06/2025 7:33:46 p. m.Cambiando estado del alimento ID 17 a Existente
15/06/2025 7:33:46 p. m.Cambiando estado de alimento ID 17 de 'Inactivo' a 'Existente'
15/06/2025 7:33:46 p. m.Alimento activado. Estado final después de evaluación automática: 'Existente'
15/06/2025 7:33:46 p. m.Estado final guardado: 'Existente' para alimento ID 17
15/06/2025 7:33:46 p. m.GetFeedingByFood: Buscando registros para alimento ID 12
15/06/2025 7:33:46 p. m.GetFeedingByFood: Encontrados 2 registros para alimento ID 12
15/06/2025 7:33:46 p. m.GetFeedingByFood: Buscando registros para alimento ID 12
15/06/2025 7:33:46 p. m.GetFeedingByFood: Encontrados 2 registros para alimento ID 12
15/06/2025 7:33:46 p. m.GetFeedingByFood: Buscando registros para alimento ID 13
15/06/2025 7:33:46 p. m.GetFeedingByFood: Encontrados 1 registros para alimento ID 13
15/06/2025 7:33:46 p. m.GetFeedingByFood: Buscando registros para alimento ID 13
15/06/2025 7:33:46 p. m.GetFeedingByFood: Encontrados 1 registros para alimento ID 13
15/06/2025 7:33:46 p. m.GetFeedingByFood: Buscando registros para alimento ID 14
15/06/2025 7:33:46 p. m.GetFeedingByFood: Encontrados 1 registros para alimento ID 14
15/06/2025 7:33:46 p. m.GetFeedingByFood: Buscando registros para alimento ID 14
15/06/2025 7:33:46 p. m.GetFeedingByFood: Buscando registros para alimento ID 15
15/06/2025 7:33:46 p. m.GetFeedingByFood: Encontrados 1 registros para alimento ID 14
15/06/2025 7:33:46 p. m.GetFeedingByFood: Encontrados 1 registros para alimento ID 15
15/06/2025 7:33:46 p. m.GetFeedingByFood: Buscando registros para alimento ID 15
15/06/2025 7:33:46 p. m.GetFeedingByFood: Encontrados 1 registros para alimento ID 15
15/06/2025 7:33:46 p. m.GetFeedingByFood: Buscando registros para alimento ID 16
15/06/2025 7:33:46 p. m.GetFeedingByFood: Encontrados 1 registros para alimento ID 16
15/06/2025 7:33:46 p. m.GetFeedingByFood: Buscando registros para alimento ID 16
15/06/2025 7:33:46 p. m.GetFeedingByFood: Buscando registros para alimento ID 17
15/06/2025 7:33:46 p. m.GetFeedingByFood: Encontrados 1 registros para alimento ID 16
15/06/2025 7:33:46 p. m.GetFeedingByFood: Encontrados 0 registros para alimento ID 17
15/06/2025 7:33:46 p. m.GetFeedingByFood: Buscando registros para alimento ID 17
15/06/2025 7:33:46 p. m.GetFeedingByFood: Encontrados 0 registros para alimento ID 17
15/06/2025 7:33:47 p. m.GetFeedingByFood: Buscando registros para alimento ID 12
15/06/2025 7:33:47 p. m.GetFeedingByFood: Encontrados 2 registros para alimento ID 12
15/06/2025 7:33:47 p. m.GetFeedingByFood: Buscando registros para alimento ID 12
15/06/2025 7:33:47 p. m.GetFeedingByFood: Encontrados 2 registros para alimento ID 12
15/06/2025 7:33:47 p. m.GetFeedingByFood: Buscando registros para alimento ID 13
15/06/2025 7:33:47 p. m.GetFeedingByFood: Encontrados 1 registros para alimento ID 13
15/06/2025 7:33:47 p. m.GetFeedingByFood: Buscando registros para alimento ID 13
15/06/2025 7:33:47 p. m.GetFeedingByFood: Buscando registros para alimento ID 14
15/06/2025 7:33:47 p. m.GetFeedingByFood: Encontrados 1 registros para alimento ID 13
15/06/2025 7:33:47 p. m.GetFeedingByFood: Encontrados 1 registros para alimento ID 14
15/06/2025 7:33:47 p. m.GetFeedingByFood: Buscando registros para alimento ID 14
15/06/2025 7:33:47 p. m.GetFeedingByFood: Buscando registros para alimento ID 15
15/06/2025 7:33:47 p. m.GetFeedingByFood: Encontrados 1 registros para alimento ID 14
15/06/2025 7:33:47 p. m.GetFeedingByFood: Encontrados 1 registros para alimento ID 15
15/06/2025 7:33:47 p. m.GetFeedingByFood: Buscando registros para alimento ID 15
15/06/2025 7:33:47 p. m.GetFeedingByFood: Encontrados 1 registros para alimento ID 15
15/06/2025 7:33:47 p. m.GetFeedingByFood: Buscando registros para alimento ID 16
15/06/2025 7:33:47 p. m.GetFeedingByFood: Encontrados 1 registros para alimento ID 16
15/06/2025 7:33:47 p. m.GetFeedingByFood: Buscando registros para alimento ID 16
15/06/2025 7:33:47 p. m.GetFeedingByFood: Buscando registros para alimento ID 17
15/06/2025 7:33:47 p. m.GetFeedingByFood: Encontrados 1 registros para alimento ID 16
15/06/2025 7:33:47 p. m.GetFeedingByFood: Encontrados 0 registros para alimento ID 17
15/06/2025 7:33:47 p. m.GetFeedingByFood: Buscando registros para alimento ID 17
15/06/2025 7:33:47 p. m.GetFeedingByFood: Encontrados 0 registros para alimento ID 17
