6/06/2025 7:14:10 a. m.GetFeedingByFood: Buscando registros para alimento ID 12
6/06/2025 7:14:10 a. m.GetFeedingByFood: Encontrados 4 registros para alimento ID 12
6/06/2025 7:14:10 a. m.GetFeedingByFood: Buscando registros para alimento ID 12
6/06/2025 7:14:10 a. m.GetFeedingByFood: Encontrados 4 registros para alimento ID 12
6/06/2025 7:14:10 a. m.GetFeedingByFood: Buscando registros para alimento ID 13
6/06/2025 7:14:10 a. m.GetFeedingByFood: Encontrados 1 registros para alimento ID 13
6/06/2025 7:14:10 a. m.GetFeedingByFood: Buscando registros para alimento ID 13
6/06/2025 7:14:10 a. m.GetFeedingByFood: Encontrados 1 registros para alimento ID 13
6/06/2025 7:14:10 a. m.GetFeedingByFood: Buscando registros para alimento ID 14
6/06/2025 7:14:10 a. m.GetFeedingByFood: Encontrados 1 registros para alimento ID 14
6/06/2025 7:14:10 a. m.GetFeedingByFood: Buscando registros para alimento ID 14
6/06/2025 7:14:10 a. m.GetFeedingByFood: Encontrados 1 registros para alimento ID 14
6/06/2025 7:14:10 a. m.GetFeedingByFood: Buscando registros para alimento ID 15
6/06/2025 7:14:10 a. m.GetFeedingByFood: Encontrados 0 registros para alimento ID 15
6/06/2025 7:14:10 a. m.GetFeedingByFood: Buscando registros para alimento ID 15
6/06/2025 7:14:10 a. m.GetFeedingByFood: Encontrados 0 registros para alimento ID 15
6/06/2025 7:14:10 a. m.GetFeedingByFood: Buscando registros para alimento ID 16
6/06/2025 7:14:10 a. m.GetFeedingByFood: Encontrados 0 registros para alimento ID 16
6/06/2025 7:14:10 a. m.GetFeedingByFood: Buscando registros para alimento ID 16
6/06/2025 7:14:10 a. m.GetFeedingByFood: Encontrados 0 registros para alimento ID 16
6/06/2025 8:10:59 a. m.GetFeedingByFood: Buscando registros para alimento ID 12
6/06/2025 8:10:59 a. m.GetFeedingByFood: Buscando registros para alimento ID 12
6/06/2025 8:10:59 a. m.GetFeedingByFood: Buscando registros para alimento ID 12
6/06/2025 8:10:59 a. m.GetFeedingByFood: Buscando registros para alimento ID 12
6/06/2025 8:10:59 a. m.GetFeedingByFood: Encontrados 4 registros para alimento ID 12
6/06/2025 8:10:59 a. m.GetFeedingByFood: Encontrados 4 registros para alimento ID 12
6/06/2025 8:10:59 a. m.GetFeedingByFood: Encontrados 4 registros para alimento ID 12
6/06/2025 8:10:59 a. m.GetFeedingByFood: Encontrados 4 registros para alimento ID 12
6/06/2025 8:10:59 a. m.GetFeedingByFood: Buscando registros para alimento ID 13
6/06/2025 8:10:59 a. m.GetFeedingByFood: Buscando registros para alimento ID 13
6/06/2025 8:10:59 a. m.GetFeedingByFood: Encontrados 1 registros para alimento ID 13
6/06/2025 8:10:59 a. m.GetFeedingByFood: Buscando registros para alimento ID 13
6/06/2025 8:10:59 a. m.GetFeedingByFood: Buscando registros para alimento ID 13
6/06/2025 8:10:59 a. m.GetFeedingByFood: Encontrados 1 registros para alimento ID 13
6/06/2025 8:10:59 a. m.GetFeedingByFood: Encontrados 1 registros para alimento ID 13
6/06/2025 8:10:59 a. m.GetFeedingByFood: Encontrados 1 registros para alimento ID 13
6/06/2025 8:10:59 a. m.GetFeedingByFood: Buscando registros para alimento ID 14
6/06/2025 8:10:59 a. m.GetFeedingByFood: Buscando registros para alimento ID 14
6/06/2025 8:10:59 a. m.GetFeedingByFood: Encontrados 1 registros para alimento ID 14
6/06/2025 8:10:59 a. m.GetFeedingByFood: Buscando registros para alimento ID 14
6/06/2025 8:10:59 a. m.GetFeedingByFood: Encontrados 1 registros para alimento ID 14
6/06/2025 8:10:59 a. m.GetFeedingByFood: Buscando registros para alimento ID 14
6/06/2025 8:10:59 a. m.GetFeedingByFood: Encontrados 1 registros para alimento ID 14
6/06/2025 8:10:59 a. m.GetFeedingByFood: Encontrados 1 registros para alimento ID 14
6/06/2025 8:10:59 a. m.GetFeedingByFood: Buscando registros para alimento ID 15
6/06/2025 8:10:59 a. m.GetFeedingByFood: Buscando registros para alimento ID 15
6/06/2025 8:10:59 a. m.GetFeedingByFood: Encontrados 0 registros para alimento ID 15
6/06/2025 8:10:59 a. m.GetFeedingByFood: Buscando registros para alimento ID 15
6/06/2025 8:10:59 a. m.GetFeedingByFood: Encontrados 0 registros para alimento ID 15
6/06/2025 8:10:59 a. m.GetFeedingByFood: Buscando registros para alimento ID 15
6/06/2025 8:10:59 a. m.GetFeedingByFood: Encontrados 0 registros para alimento ID 15
6/06/2025 8:10:59 a. m.GetFeedingByFood: Encontrados 0 registros para alimento ID 15
6/06/2025 8:11:00 a. m.GetFeedingByFood: Buscando registros para alimento ID 16
6/06/2025 8:11:00 a. m.GetFeedingByFood: Encontrados 0 registros para alimento ID 16
6/06/2025 8:11:00 a. m.GetFeedingByFood: Buscando registros para alimento ID 16
6/06/2025 8:11:00 a. m.GetFeedingByFood: Buscando registros para alimento ID 16
6/06/2025 8:11:00 a. m.GetFeedingByFood: Encontrados 0 registros para alimento ID 16
6/06/2025 8:11:00 a. m.GetFeedingByFood: Encontrados 0 registros para alimento ID 16
6/06/2025 8:11:00 a. m.GetFeedingByFood: Buscando registros para alimento ID 16
6/06/2025 8:11:00 a. m.GetFeedingByFood: Encontrados 0 registros para alimento ID 16
6/06/2025 8:11:08 a. m.Cambiando estado del alimento ID 14 a Inactivo
6/06/2025 8:11:08 a. m.Cambiando estado de alimento ID 14 de 'Existente' a 'Inactivo'
6/06/2025 8:11:08 a. m.Alimento desactivado a 'Inactivo'
6/06/2025 8:11:08 a. m.Estado final guardado: 'Inactivo' para alimento ID 14
6/06/2025 8:11:08 a. m.GetFeedingByFood: Buscando registros para alimento ID 12
6/06/2025 8:11:08 a. m.GetFeedingByFood: Encontrados 4 registros para alimento ID 12
6/06/2025 8:11:08 a. m.GetFeedingByFood: Buscando registros para alimento ID 12
6/06/2025 8:11:08 a. m.GetFeedingByFood: Encontrados 4 registros para alimento ID 12
6/06/2025 8:11:08 a. m.GetFeedingByFood: Buscando registros para alimento ID 13
6/06/2025 8:11:08 a. m.GetFeedingByFood: Encontrados 1 registros para alimento ID 13
6/06/2025 8:11:08 a. m.GetFeedingByFood: Buscando registros para alimento ID 13
6/06/2025 8:11:08 a. m.GetFeedingByFood: Encontrados 1 registros para alimento ID 13
6/06/2025 8:11:09 a. m.GetFeedingByFood: Buscando registros para alimento ID 14
6/06/2025 8:11:09 a. m.GetFeedingByFood: Encontrados 1 registros para alimento ID 14
6/06/2025 8:11:09 a. m.GetFeedingByFood: Buscando registros para alimento ID 14
6/06/2025 8:11:09 a. m.GetFeedingByFood: Encontrados 1 registros para alimento ID 14
6/06/2025 8:11:09 a. m.GetFeedingByFood: Buscando registros para alimento ID 15
6/06/2025 8:11:09 a. m.GetFeedingByFood: Encontrados 0 registros para alimento ID 15
6/06/2025 8:11:09 a. m.GetFeedingByFood: Buscando registros para alimento ID 15
6/06/2025 8:11:09 a. m.GetFeedingByFood: Encontrados 0 registros para alimento ID 15
6/06/2025 8:11:09 a. m.GetFeedingByFood: Buscando registros para alimento ID 16
6/06/2025 8:11:09 a. m.GetFeedingByFood: Encontrados 0 registros para alimento ID 16
6/06/2025 8:11:09 a. m.GetFeedingByFood: Buscando registros para alimento ID 16
6/06/2025 8:11:09 a. m.GetFeedingByFood: Encontrados 0 registros para alimento ID 16
6/06/2025 8:11:09 a. m.GetFeedingByFood: Buscando registros para alimento ID 12
6/06/2025 8:11:09 a. m.GetFeedingByFood: Encontrados 4 registros para alimento ID 12
6/06/2025 8:11:09 a. m.GetFeedingByFood: Buscando registros para alimento ID 12
6/06/2025 8:11:09 a. m.GetFeedingByFood: Encontrados 4 registros para alimento ID 12
6/06/2025 8:11:09 a. m.GetFeedingByFood: Buscando registros para alimento ID 13
6/06/2025 8:11:09 a. m.GetFeedingByFood: Encontrados 1 registros para alimento ID 13
6/06/2025 8:11:09 a. m.GetFeedingByFood: Buscando registros para alimento ID 13
6/06/2025 8:11:09 a. m.GetFeedingByFood: Encontrados 1 registros para alimento ID 13
6/06/2025 8:11:10 a. m.GetFeedingByFood: Buscando registros para alimento ID 14
6/06/2025 8:11:10 a. m.GetFeedingByFood: Encontrados 1 registros para alimento ID 14
6/06/2025 8:11:10 a. m.GetFeedingByFood: Buscando registros para alimento ID 14
6/06/2025 8:11:10 a. m.GetFeedingByFood: Encontrados 1 registros para alimento ID 14
6/06/2025 8:11:10 a. m.GetFeedingByFood: Buscando registros para alimento ID 15
6/06/2025 8:11:10 a. m.GetFeedingByFood: Encontrados 0 registros para alimento ID 15
6/06/2025 8:11:10 a. m.GetFeedingByFood: Buscando registros para alimento ID 15
6/06/2025 8:11:10 a. m.GetFeedingByFood: Encontrados 0 registros para alimento ID 15
6/06/2025 8:11:10 a. m.GetFeedingByFood: Buscando registros para alimento ID 16
6/06/2025 8:11:10 a. m.GetFeedingByFood: Encontrados 0 registros para alimento ID 16
6/06/2025 8:11:10 a. m.GetFeedingByFood: Buscando registros para alimento ID 16
6/06/2025 8:11:10 a. m.GetFeedingByFood: Encontrados 0 registros para alimento ID 16
6/06/2025 8:30:34 a. m.GetFeedingByFood: Buscando registros para alimento ID 12
6/06/2025 8:30:34 a. m.GetFeedingByFood: Buscando registros para alimento ID 12
6/06/2025 8:30:34 a. m.GetFeedingByFood: Encontrados 4 registros para alimento ID 12
6/06/2025 8:30:34 a. m.GetFeedingByFood: Encontrados 4 registros para alimento ID 12
6/06/2025 8:30:34 a. m.GetFeedingByFood: Buscando registros para alimento ID 13
6/06/2025 8:30:34 a. m.GetFeedingByFood: Encontrados 1 registros para alimento ID 13
6/06/2025 8:30:35 a. m.GetFeedingByFood: Buscando registros para alimento ID 14
6/06/2025 8:30:35 a. m.GetFeedingByFood: Encontrados 1 registros para alimento ID 14
6/06/2025 8:30:35 a. m.GetFeedingByFood: Buscando registros para alimento ID 13
6/06/2025 8:30:35 a. m.GetFeedingByFood: Encontrados 1 registros para alimento ID 13
6/06/2025 8:30:35 a. m.GetFeedingByFood: Buscando registros para alimento ID 14
6/06/2025 8:30:35 a. m.GetFeedingByFood: Encontrados 1 registros para alimento ID 14
6/06/2025 8:30:35 a. m.GetFeedingByFood: Buscando registros para alimento ID 15
6/06/2025 8:30:35 a. m.GetFeedingByFood: Encontrados 0 registros para alimento ID 15
6/06/2025 8:30:35 a. m.GetFeedingByFood: Buscando registros para alimento ID 15
6/06/2025 8:30:35 a. m.GetFeedingByFood: Encontrados 0 registros para alimento ID 15
6/06/2025 8:30:35 a. m.GetFeedingByFood: Buscando registros para alimento ID 16
6/06/2025 8:30:35 a. m.GetFeedingByFood: Encontrados 0 registros para alimento ID 16
6/06/2025 8:30:35 a. m.GetFeedingByFood: Buscando registros para alimento ID 16
6/06/2025 8:30:35 a. m.GetFeedingByFood: Encontrados 0 registros para alimento ID 16
6/06/2025 8:45:14 a. m.GetFeedingByFood: Buscando registros para alimento ID 12
6/06/2025 8:45:14 a. m.GetFeedingByFood: Encontrados 4 registros para alimento ID 12
6/06/2025 8:45:14 a. m.GetFeedingByFood: Buscando registros para alimento ID 12
6/06/2025 8:45:14 a. m.GetFeedingByFood: Encontrados 4 registros para alimento ID 12
6/06/2025 8:45:14 a. m.GetFeedingByFood: Buscando registros para alimento ID 12
6/06/2025 8:45:14 a. m.GetFeedingByFood: Encontrados 4 registros para alimento ID 12
6/06/2025 8:45:14 a. m.GetFeedingByFood: Buscando registros para alimento ID 12
6/06/2025 8:45:15 a. m.GetFeedingByFood: Encontrados 4 registros para alimento ID 12
6/06/2025 8:45:15 a. m.GetFeedingByFood: Buscando registros para alimento ID 13
6/06/2025 8:45:15 a. m.GetFeedingByFood: Encontrados 1 registros para alimento ID 13
6/06/2025 8:45:15 a. m.GetFeedingByFood: Buscando registros para alimento ID 13
6/06/2025 8:45:15 a. m.GetFeedingByFood: Encontrados 1 registros para alimento ID 13
6/06/2025 8:45:15 a. m.GetFeedingByFood: Buscando registros para alimento ID 13
6/06/2025 8:45:15 a. m.GetFeedingByFood: Encontrados 1 registros para alimento ID 13
6/06/2025 8:45:15 a. m.GetFeedingByFood: Buscando registros para alimento ID 13
6/06/2025 8:45:15 a. m.GetFeedingByFood: Encontrados 1 registros para alimento ID 13
6/06/2025 8:45:15 a. m.GetFeedingByFood: Buscando registros para alimento ID 14
6/06/2025 8:45:15 a. m.GetFeedingByFood: Encontrados 1 registros para alimento ID 14
6/06/2025 8:45:15 a. m.GetFeedingByFood: Buscando registros para alimento ID 14
6/06/2025 8:45:15 a. m.GetFeedingByFood: Encontrados 1 registros para alimento ID 14
6/06/2025 8:45:15 a. m.GetFeedingByFood: Buscando registros para alimento ID 14
6/06/2025 8:45:15 a. m.GetFeedingByFood: Encontrados 1 registros para alimento ID 14
6/06/2025 8:45:15 a. m.GetFeedingByFood: Buscando registros para alimento ID 14
6/06/2025 8:45:15 a. m.GetFeedingByFood: Encontrados 1 registros para alimento ID 14
6/06/2025 8:45:15 a. m.GetFeedingByFood: Buscando registros para alimento ID 15
6/06/2025 8:45:15 a. m.GetFeedingByFood: Encontrados 0 registros para alimento ID 15
6/06/2025 8:45:15 a. m.GetFeedingByFood: Buscando registros para alimento ID 15
6/06/2025 8:45:15 a. m.GetFeedingByFood: Encontrados 0 registros para alimento ID 15
6/06/2025 8:45:15 a. m.GetFeedingByFood: Buscando registros para alimento ID 15
6/06/2025 8:45:15 a. m.GetFeedingByFood: Encontrados 0 registros para alimento ID 15
6/06/2025 8:45:15 a. m.GetFeedingByFood: Buscando registros para alimento ID 15
6/06/2025 8:45:15 a. m.GetFeedingByFood: Encontrados 0 registros para alimento ID 15
6/06/2025 8:45:15 a. m.GetFeedingByFood: Buscando registros para alimento ID 16
6/06/2025 8:45:15 a. m.GetFeedingByFood: Encontrados 0 registros para alimento ID 16
6/06/2025 8:45:15 a. m.GetFeedingByFood: Buscando registros para alimento ID 16
6/06/2025 8:45:15 a. m.GetFeedingByFood: Encontrados 0 registros para alimento ID 16
6/06/2025 8:45:15 a. m.GetFeedingByFood: Buscando registros para alimento ID 16
6/06/2025 8:45:15 a. m.GetFeedingByFood: Encontrados 0 registros para alimento ID 16
6/06/2025 8:45:15 a. m.GetFeedingByFood: Buscando registros para alimento ID 16
6/06/2025 8:45:15 a. m.GetFeedingByFood: Encontrados 0 registros para alimento ID 16
6/06/2025 9:34:05 a. m.GetFeedingByFood: Buscando registros para alimento ID 12
6/06/2025 9:34:05 a. m.GetFeedingByFood: Encontrados 4 registros para alimento ID 12
6/06/2025 9:34:05 a. m.GetFeedingByFood: Buscando registros para alimento ID 12
6/06/2025 9:34:05 a. m.GetFeedingByFood: Encontrados 4 registros para alimento ID 12
6/06/2025 9:34:05 a. m.GetFeedingByFood: Buscando registros para alimento ID 13
6/06/2025 9:34:05 a. m.GetFeedingByFood: Buscando registros para alimento ID 13
6/06/2025 9:34:05 a. m.GetFeedingByFood: Encontrados 1 registros para alimento ID 13
6/06/2025 9:34:05 a. m.GetFeedingByFood: Encontrados 1 registros para alimento ID 13
6/06/2025 9:34:06 a. m.GetFeedingByFood: Buscando registros para alimento ID 14
6/06/2025 9:34:06 a. m.GetFeedingByFood: Encontrados 1 registros para alimento ID 14
6/06/2025 9:34:06 a. m.GetFeedingByFood: Buscando registros para alimento ID 14
6/06/2025 9:34:06 a. m.GetFeedingByFood: Encontrados 1 registros para alimento ID 14
6/06/2025 9:34:06 a. m.GetFeedingByFood: Buscando registros para alimento ID 15
6/06/2025 9:34:06 a. m.GetFeedingByFood: Encontrados 0 registros para alimento ID 15
6/06/2025 9:34:06 a. m.GetFeedingByFood: Buscando registros para alimento ID 15
6/06/2025 9:34:06 a. m.GetFeedingByFood: Encontrados 0 registros para alimento ID 15
6/06/2025 9:34:06 a. m.GetFeedingByFood: Buscando registros para alimento ID 16
6/06/2025 9:34:06 a. m.GetFeedingByFood: Encontrados 0 registros para alimento ID 16
6/06/2025 9:34:06 a. m.GetFeedingByFood: Buscando registros para alimento ID 16
6/06/2025 9:34:06 a. m.GetFeedingByFood: Encontrados 0 registros para alimento ID 16
