9/06/2025 8:58:31 a. m.GetFeedingByFood: Buscando registros para alimento ID 12
9/06/2025 8:58:31 a. m.GetFeedingByFood: Buscando registros para alimento ID 12
9/06/2025 8:58:31 a. m.GetFeedingByFood: Encontrados 4 registros para alimento ID 12
9/06/2025 8:58:31 a. m.GetFeedingByFood: Encontrados 4 registros para alimento ID 12
9/06/2025 8:58:31 a. m.GetFeedingByFood: Buscando registros para alimento ID 12
9/06/2025 8:58:31 a. m.GetFeedingByFood: Encontrados 4 registros para alimento ID 12
9/06/2025 8:58:31 a. m.GetFeedingByFood: Buscando registros para alimento ID 12
9/06/2025 8:58:31 a. m.GetFeedingByFood: Encontrados 4 registros para alimento ID 12
9/06/2025 8:58:31 a. m.GetFeedingByFood: Buscando registros para alimento ID 13
9/06/2025 8:58:31 a. m.GetFeedingByFood: Buscando registros para alimento ID 13
9/06/2025 8:58:31 a. m.GetFeedingByFood: Buscando registros para alimento ID 13
9/06/2025 8:58:31 a. m.GetFeedingByFood: Encontrados 1 registros para alimento ID 13
9/06/2025 8:58:31 a. m.GetFeedingByFood: Encontrados 1 registros para alimento ID 13
9/06/2025 8:58:31 a. m.GetFeedingByFood: Encontrados 1 registros para alimento ID 13
9/06/2025 8:58:31 a. m.GetFeedingByFood: Buscando registros para alimento ID 13
9/06/2025 8:58:31 a. m.GetFeedingByFood: Encontrados 1 registros para alimento ID 13
9/06/2025 8:58:32 a. m.GetFeedingByFood: Buscando registros para alimento ID 14
9/06/2025 8:58:32 a. m.GetFeedingByFood: Encontrados 1 registros para alimento ID 14
9/06/2025 8:58:32 a. m.GetFeedingByFood: Buscando registros para alimento ID 14
9/06/2025 8:58:32 a. m.GetFeedingByFood: Buscando registros para alimento ID 14
9/06/2025 8:58:32 a. m.GetFeedingByFood: Encontrados 1 registros para alimento ID 14
9/06/2025 8:58:32 a. m.GetFeedingByFood: Encontrados 1 registros para alimento ID 14
9/06/2025 8:58:32 a. m.GetFeedingByFood: Buscando registros para alimento ID 14
9/06/2025 8:58:32 a. m.GetFeedingByFood: Encontrados 1 registros para alimento ID 14
9/06/2025 8:58:32 a. m.GetFeedingByFood: Buscando registros para alimento ID 15
9/06/2025 8:58:32 a. m.GetFeedingByFood: Buscando registros para alimento ID 15
9/06/2025 8:58:32 a. m.GetFeedingByFood: Buscando registros para alimento ID 15
9/06/2025 8:58:32 a. m.GetFeedingByFood: Encontrados 0 registros para alimento ID 15
9/06/2025 8:58:32 a. m.GetFeedingByFood: Encontrados 0 registros para alimento ID 15
9/06/2025 8:58:32 a. m.GetFeedingByFood: Encontrados 0 registros para alimento ID 15
9/06/2025 8:58:32 a. m.GetFeedingByFood: Buscando registros para alimento ID 15
9/06/2025 8:58:32 a. m.GetFeedingByFood: Encontrados 0 registros para alimento ID 15
9/06/2025 8:58:33 a. m.GetFeedingByFood: Buscando registros para alimento ID 16
9/06/2025 8:58:33 a. m.GetFeedingByFood: Encontrados 0 registros para alimento ID 16
9/06/2025 8:58:34 a. m.GetFeedingByFood: Buscando registros para alimento ID 16
9/06/2025 8:58:34 a. m.GetFeedingByFood: Encontrados 0 registros para alimento ID 16
9/06/2025 8:58:35 a. m.GetFeedingByFood: Buscando registros para alimento ID 16
9/06/2025 8:58:35 a. m.GetFeedingByFood: Buscando registros para alimento ID 16
9/06/2025 8:58:35 a. m.GetFeedingByFood: Encontrados 0 registros para alimento ID 16
9/06/2025 8:58:35 a. m.GetFeedingByFood: Encontrados 0 registros para alimento ID 16
9/06/2025 9:01:25 a. m.GetAvailableFood: Encontrados 3 alimentos disponibles
9/06/2025 9:01:25 a. m.GetAvailableFood: Encontrados 3 alimentos disponibles
9/06/2025 12:29:13 p. m.GetFeedingByFood: Buscando registros para alimento ID 12
9/06/2025 12:29:13 p. m.GetFeedingByFood: Encontrados 4 registros para alimento ID 12
9/06/2025 12:29:13 p. m.GetFeedingByFood: Buscando registros para alimento ID 12
9/06/2025 12:29:13 p. m.GetFeedingByFood: Encontrados 4 registros para alimento ID 12
9/06/2025 12:29:13 p. m.GetFeedingByFood: Buscando registros para alimento ID 12
9/06/2025 12:29:13 p. m.GetFeedingByFood: Encontrados 4 registros para alimento ID 12
9/06/2025 12:29:13 p. m.GetFeedingByFood: Buscando registros para alimento ID 12
9/06/2025 12:29:13 p. m.GetFeedingByFood: Encontrados 4 registros para alimento ID 12
9/06/2025 12:29:13 p. m.GetFeedingByFood: Buscando registros para alimento ID 13
9/06/2025 12:29:13 p. m.GetFeedingByFood: Encontrados 1 registros para alimento ID 13
9/06/2025 12:29:13 p. m.GetFeedingByFood: Buscando registros para alimento ID 13
9/06/2025 12:29:13 p. m.GetFeedingByFood: Encontrados 1 registros para alimento ID 13
9/06/2025 12:29:13 p. m.GetFeedingByFood: Buscando registros para alimento ID 13
9/06/2025 12:29:13 p. m.GetFeedingByFood: Encontrados 1 registros para alimento ID 13
9/06/2025 12:29:13 p. m.GetFeedingByFood: Buscando registros para alimento ID 13
9/06/2025 12:29:13 p. m.GetFeedingByFood: Encontrados 1 registros para alimento ID 13
9/06/2025 12:29:13 p. m.GetFeedingByFood: Buscando registros para alimento ID 14
9/06/2025 12:29:13 p. m.GetFeedingByFood: Encontrados 1 registros para alimento ID 14
9/06/2025 12:29:13 p. m.GetFeedingByFood: Buscando registros para alimento ID 14
9/06/2025 12:29:13 p. m.GetFeedingByFood: Encontrados 1 registros para alimento ID 14
9/06/2025 12:29:14 p. m.GetFeedingByFood: Buscando registros para alimento ID 14
9/06/2025 12:29:14 p. m.GetFeedingByFood: Encontrados 1 registros para alimento ID 14
9/06/2025 12:29:14 p. m.GetFeedingByFood: Buscando registros para alimento ID 14
9/06/2025 12:29:14 p. m.GetFeedingByFood: Encontrados 1 registros para alimento ID 14
9/06/2025 12:29:14 p. m.GetFeedingByFood: Buscando registros para alimento ID 15
9/06/2025 12:29:14 p. m.GetFeedingByFood: Encontrados 0 registros para alimento ID 15
9/06/2025 12:29:14 p. m.GetFeedingByFood: Buscando registros para alimento ID 15
9/06/2025 12:29:14 p. m.GetFeedingByFood: Encontrados 0 registros para alimento ID 15
9/06/2025 12:29:14 p. m.GetFeedingByFood: Buscando registros para alimento ID 15
9/06/2025 12:29:14 p. m.GetFeedingByFood: Buscando registros para alimento ID 15
9/06/2025 12:29:14 p. m.GetFeedingByFood: Encontrados 0 registros para alimento ID 15
9/06/2025 12:29:14 p. m.GetFeedingByFood: Encontrados 0 registros para alimento ID 15
9/06/2025 12:29:14 p. m.GetFeedingByFood: Buscando registros para alimento ID 16
9/06/2025 12:29:14 p. m.GetFeedingByFood: Encontrados 0 registros para alimento ID 16
9/06/2025 12:29:14 p. m.GetFeedingByFood: Buscando registros para alimento ID 16
9/06/2025 12:29:14 p. m.GetFeedingByFood: Encontrados 0 registros para alimento ID 16
9/06/2025 12:29:14 p. m.GetFeedingByFood: Buscando registros para alimento ID 16
9/06/2025 12:29:14 p. m.GetFeedingByFood: Buscando registros para alimento ID 16
9/06/2025 12:29:14 p. m.GetFeedingByFood: Encontrados 0 registros para alimento ID 16
9/06/2025 12:29:14 p. m.GetFeedingByFood: Encontrados 0 registros para alimento ID 16
9/06/2025 2:46:04 p. m.GetAvailableFood: Encontrados 0 alimentos disponibles
9/06/2025 2:46:04 p. m.GetAvailableFood: Encontrados 0 alimentos disponibles
