3/06/2025 5:42:00 p. m.GetFeedingByFood: Buscando registros para alimento ID 12
3/06/2025 5:42:00 p. m.GetFeedingByFood: Encontrados 2 registros para alimento ID 12
3/06/2025 5:42:00 p. m.GetFeedingByFood: Buscando registros para alimento ID 12
3/06/2025 5:42:00 p. m.GetFeedingByFood: Encontrados 2 registros para alimento ID 12
3/06/2025 5:42:00 p. m.GetFeedingByFood: Buscando registros para alimento ID 13
3/06/2025 5:42:00 p. m.GetFeedingByFood: Buscando registros para alimento ID 12
3/06/2025 5:42:00 p. m.GetFeedingByFood: Encontrados 2 registros para alimento ID 12
3/06/2025 5:42:00 p. m.GetFeedingByFood: Buscando registros para alimento ID 12
3/06/2025 5:42:00 p. m.GetFeedingByFood: Encontrados 1 registros para alimento ID 13
3/06/2025 5:42:01 p. m.GetFeedingByFood: Encontrados 2 registros para alimento ID 12
3/06/2025 5:42:01 p. m.GetFeedingByFood: Buscando registros para alimento ID 13
3/06/2025 5:42:01 p. m.GetFeedingByFood: Encontrados 1 registros para alimento ID 13
3/06/2025 5:42:01 p. m.GetFeedingByFood: Buscando registros para alimento ID 13
3/06/2025 5:42:01 p. m.GetFeedingByFood: Buscando registros para alimento ID 14
3/06/2025 5:42:01 p. m.GetFeedingByFood: Encontrados 1 registros para alimento ID 13
3/06/2025 5:42:01 p. m.GetFeedingByFood: Buscando registros para alimento ID 13
3/06/2025 5:42:01 p. m.GetFeedingByFood: Encontrados 1 registros para alimento ID 14
3/06/2025 5:42:01 p. m.GetFeedingByFood: Encontrados 1 registros para alimento ID 13
3/06/2025 5:42:01 p. m.GetFeedingByFood: Buscando registros para alimento ID 14
3/06/2025 5:42:01 p. m.GetFeedingByFood: Encontrados 1 registros para alimento ID 14
3/06/2025 5:42:01 p. m.GetFeedingByFood: Buscando registros para alimento ID 14
3/06/2025 5:42:01 p. m.GetFeedingByFood: Buscando registros para alimento ID 15
3/06/2025 5:42:02 p. m.GetFeedingByFood: Encontrados 1 registros para alimento ID 14
3/06/2025 5:42:02 p. m.GetFeedingByFood: Encontrados 1 registros para alimento ID 15
3/06/2025 5:42:02 p. m.GetFeedingByFood: Buscando registros para alimento ID 14
3/06/2025 5:42:02 p. m.GetFeedingByFood: Buscando registros para alimento ID 15
3/06/2025 5:42:02 p. m.GetFeedingByFood: Encontrados 1 registros para alimento ID 14
3/06/2025 5:42:02 p. m.GetFeedingByFood: Encontrados 1 registros para alimento ID 15
3/06/2025 5:42:02 p. m.GetFeedingByFood: Buscando registros para alimento ID 16
3/06/2025 5:42:02 p. m.GetFeedingByFood: Buscando registros para alimento ID 15
3/06/2025 5:42:02 p. m.GetFeedingByFood: Encontrados 1 registros para alimento ID 16
3/06/2025 5:42:02 p. m.GetFeedingByFood: Buscando registros para alimento ID 16
3/06/2025 5:42:02 p. m.GetFeedingByFood: Encontrados 1 registros para alimento ID 15
3/06/2025 5:42:02 p. m.GetFeedingByFood: Encontrados 1 registros para alimento ID 16
3/06/2025 5:42:02 p. m.GetFeedingByFood: Buscando registros para alimento ID 15
3/06/2025 5:42:03 p. m.GetFeedingByFood: Buscando registros para alimento ID 16
3/06/2025 5:42:03 p. m.GetFeedingByFood: Encontrados 1 registros para alimento ID 15
3/06/2025 5:42:03 p. m.GetFeedingByFood: Buscando registros para alimento ID 17
3/06/2025 5:42:03 p. m.GetFeedingByFood: Encontrados 1 registros para alimento ID 16
3/06/2025 5:42:03 p. m.GetFeedingByFood: Buscando registros para alimento ID 16
3/06/2025 5:42:03 p. m.GetFeedingByFood: Encontrados 0 registros para alimento ID 17
3/06/2025 5:42:03 p. m.GetFeedingByFood: Buscando registros para alimento ID 17
3/06/2025 5:42:03 p. m.GetFeedingByFood: Encontrados 1 registros para alimento ID 16
3/06/2025 5:42:03 p. m.GetFeedingByFood: Encontrados 0 registros para alimento ID 17
3/06/2025 5:42:03 p. m.GetFeedingByFood: Buscando registros para alimento ID 17
3/06/2025 5:42:03 p. m.GetFeedingByFood: Encontrados 0 registros para alimento ID 17
3/06/2025 5:42:03 p. m.GetFeedingByFood: Buscando registros para alimento ID 17
3/06/2025 5:42:03 p. m.GetFeedingByFood: Encontrados 0 registros para alimento ID 17
3/06/2025 5:42:38 p. m.GetFeedingByFood: Buscando registros para alimento ID 12
3/06/2025 5:42:38 p. m.GetFeedingByFood: Encontrados 2 registros para alimento ID 12
3/06/2025 5:42:38 p. m.GetFeedingByFood: Buscando registros para alimento ID 12
3/06/2025 5:42:38 p. m.GetFeedingByFood: Encontrados 2 registros para alimento ID 12
3/06/2025 5:42:38 p. m.GetFeedingByFood: Buscando registros para alimento ID 13
3/06/2025 5:42:38 p. m.GetFeedingByFood: Encontrados 1 registros para alimento ID 13
3/06/2025 5:42:38 p. m.GetFeedingByFood: Buscando registros para alimento ID 13
3/06/2025 5:42:39 p. m.GetFeedingByFood: Encontrados 1 registros para alimento ID 13
3/06/2025 5:42:39 p. m.GetFeedingByFood: Buscando registros para alimento ID 14
3/06/2025 5:42:39 p. m.GetFeedingByFood: Encontrados 1 registros para alimento ID 14
3/06/2025 5:42:39 p. m.GetFeedingByFood: Buscando registros para alimento ID 14
3/06/2025 5:42:39 p. m.GetFeedingByFood: Encontrados 1 registros para alimento ID 14
3/06/2025 5:42:40 p. m.GetFeedingByFood: Buscando registros para alimento ID 15
3/06/2025 5:42:40 p. m.GetFeedingByFood: Encontrados 1 registros para alimento ID 15
3/06/2025 5:42:40 p. m.GetFeedingByFood: Buscando registros para alimento ID 15
3/06/2025 5:42:40 p. m.GetFeedingByFood: Encontrados 1 registros para alimento ID 15
3/06/2025 5:42:40 p. m.GetFeedingByFood: Buscando registros para alimento ID 16
3/06/2025 5:42:40 p. m.GetFeedingByFood: Buscando registros para alimento ID 12
3/06/2025 5:42:40 p. m.GetFeedingByFood: Encontrados 1 registros para alimento ID 16
3/06/2025 5:42:40 p. m.GetFeedingByFood: Encontrados 2 registros para alimento ID 12
3/06/2025 5:42:40 p. m.GetFeedingByFood: Buscando registros para alimento ID 16
3/06/2025 5:42:40 p. m.GetFeedingByFood: Encontrados 1 registros para alimento ID 16
3/06/2025 5:42:40 p. m.GetFeedingByFood: Buscando registros para alimento ID 12
3/06/2025 5:42:40 p. m.GetFeedingByFood: Buscando registros para alimento ID 13
3/06/2025 5:42:40 p. m.GetFeedingByFood: Encontrados 2 registros para alimento ID 12
3/06/2025 5:42:40 p. m.GetFeedingByFood: Encontrados 1 registros para alimento ID 13
3/06/2025 5:42:40 p. m.GetFeedingByFood: Buscando registros para alimento ID 17
3/06/2025 5:42:41 p. m.GetFeedingByFood: Encontrados 0 registros para alimento ID 17
3/06/2025 5:42:41 p. m.GetFeedingByFood: Buscando registros para alimento ID 13
3/06/2025 5:42:41 p. m.GetFeedingByFood: Buscando registros para alimento ID 17
3/06/2025 5:42:41 p. m.GetFeedingByFood: Encontrados 0 registros para alimento ID 17
3/06/2025 5:42:41 p. m.GetFeedingByFood: Buscando registros para alimento ID 14
3/06/2025 5:42:41 p. m.GetFeedingByFood: Encontrados 1 registros para alimento ID 13
3/06/2025 5:42:41 p. m.GetFeedingByFood: Encontrados 1 registros para alimento ID 14
3/06/2025 5:42:41 p. m.GetFeedingByFood: Buscando registros para alimento ID 14
3/06/2025 5:42:41 p. m.GetFeedingByFood: Buscando registros para alimento ID 15
3/06/2025 5:42:41 p. m.GetFeedingByFood: Encontrados 1 registros para alimento ID 14
3/06/2025 5:42:41 p. m.GetFeedingByFood: Encontrados 1 registros para alimento ID 15
3/06/2025 5:42:41 p. m.GetFeedingByFood: Buscando registros para alimento ID 15
3/06/2025 5:42:41 p. m.GetFeedingByFood: Encontrados 1 registros para alimento ID 15
3/06/2025 5:42:41 p. m.GetFeedingByFood: Buscando registros para alimento ID 16
3/06/2025 5:42:41 p. m.GetFeedingByFood: Encontrados 1 registros para alimento ID 16
3/06/2025 5:42:41 p. m.GetFeedingByFood: Buscando registros para alimento ID 16
3/06/2025 5:42:41 p. m.GetFeedingByFood: Encontrados 1 registros para alimento ID 16
3/06/2025 5:42:41 p. m.GetFeedingByFood: Buscando registros para alimento ID 17
3/06/2025 5:42:41 p. m.GetFeedingByFood: Encontrados 0 registros para alimento ID 17
3/06/2025 5:42:41 p. m.GetFeedingByFood: Buscando registros para alimento ID 17
3/06/2025 5:42:41 p. m.GetFeedingByFood: Encontrados 0 registros para alimento ID 17
3/06/2025 6:03:08 p. m.GetFeedingByFood: Buscando registros para alimento ID 12
3/06/2025 6:03:08 p. m.GetFeedingByFood: Encontrados 2 registros para alimento ID 12
3/06/2025 6:03:08 p. m.GetFeedingByFood: Buscando registros para alimento ID 12
3/06/2025 6:03:08 p. m.GetFeedingByFood: Encontrados 2 registros para alimento ID 12
3/06/2025 6:03:08 p. m.GetFeedingByFood: Buscando registros para alimento ID 12
3/06/2025 6:03:08 p. m.GetFeedingByFood: Encontrados 2 registros para alimento ID 12
3/06/2025 6:03:08 p. m.GetFeedingByFood: Buscando registros para alimento ID 13
3/06/2025 6:03:08 p. m.GetFeedingByFood: Encontrados 1 registros para alimento ID 13
3/06/2025 6:03:08 p. m.GetFeedingByFood: Buscando registros para alimento ID 12
3/06/2025 6:03:09 p. m.GetFeedingByFood: Buscando registros para alimento ID 13
3/06/2025 6:03:09 p. m.GetFeedingByFood: Encontrados 2 registros para alimento ID 12
3/06/2025 6:03:09 p. m.GetFeedingByFood: Encontrados 1 registros para alimento ID 13
3/06/2025 6:03:09 p. m.GetFeedingByFood: Buscando registros para alimento ID 14
3/06/2025 6:03:09 p. m.GetFeedingByFood: Buscando registros para alimento ID 13
3/06/2025 6:03:09 p. m.GetFeedingByFood: Encontrados 1 registros para alimento ID 14
3/06/2025 6:03:09 p. m.GetFeedingByFood: Encontrados 1 registros para alimento ID 13
3/06/2025 6:03:09 p. m.GetFeedingByFood: Buscando registros para alimento ID 14
3/06/2025 6:03:09 p. m.GetFeedingByFood: Buscando registros para alimento ID 13
3/06/2025 6:03:09 p. m.GetFeedingByFood: Encontrados 1 registros para alimento ID 14
3/06/2025 6:03:09 p. m.GetFeedingByFood: Encontrados 1 registros para alimento ID 13
3/06/2025 6:03:09 p. m.GetFeedingByFood: Buscando registros para alimento ID 14
3/06/2025 6:03:09 p. m.GetFeedingByFood: Buscando registros para alimento ID 15
3/06/2025 6:03:09 p. m.GetFeedingByFood: Encontrados 1 registros para alimento ID 14
3/06/2025 6:03:09 p. m.GetFeedingByFood: Encontrados 1 registros para alimento ID 15
3/06/2025 6:03:09 p. m.GetFeedingByFood: Buscando registros para alimento ID 15
3/06/2025 6:03:09 p. m.GetFeedingByFood: Buscando registros para alimento ID 14
3/06/2025 6:03:09 p. m.GetFeedingByFood: Encontrados 1 registros para alimento ID 15
3/06/2025 6:03:09 p. m.GetFeedingByFood: Encontrados 1 registros para alimento ID 14
3/06/2025 6:03:09 p. m.GetFeedingByFood: Buscando registros para alimento ID 15
3/06/2025 6:03:09 p. m.GetFeedingByFood: Buscando registros para alimento ID 16
3/06/2025 6:03:09 p. m.GetFeedingByFood: Encontrados 1 registros para alimento ID 15
3/06/2025 6:03:09 p. m.GetFeedingByFood: Buscando registros para alimento ID 15
3/06/2025 6:03:09 p. m.GetFeedingByFood: Encontrados 1 registros para alimento ID 16
3/06/2025 6:03:09 p. m.GetFeedingByFood: Encontrados 1 registros para alimento ID 15
3/06/2025 6:03:09 p. m.GetFeedingByFood: Buscando registros para alimento ID 16
3/06/2025 6:03:09 p. m.GetFeedingByFood: Encontrados 1 registros para alimento ID 16
3/06/2025 6:03:09 p. m.GetFeedingByFood: Buscando registros para alimento ID 16
3/06/2025 6:03:09 p. m.GetFeedingByFood: Buscando registros para alimento ID 17
3/06/2025 6:03:09 p. m.GetFeedingByFood: Encontrados 1 registros para alimento ID 16
3/06/2025 6:03:09 p. m.GetFeedingByFood: Buscando registros para alimento ID 16
3/06/2025 6:03:09 p. m.GetFeedingByFood: Encontrados 0 registros para alimento ID 17
3/06/2025 6:03:09 p. m.GetFeedingByFood: Buscando registros para alimento ID 17
3/06/2025 6:03:09 p. m.GetFeedingByFood: Encontrados 1 registros para alimento ID 16
3/06/2025 6:03:10 p. m.GetFeedingByFood: Encontrados 0 registros para alimento ID 17
3/06/2025 6:03:10 p. m.GetFeedingByFood: Buscando registros para alimento ID 17
3/06/2025 6:03:10 p. m.GetFeedingByFood: Encontrados 0 registros para alimento ID 17
3/06/2025 6:03:10 p. m.GetFeedingByFood: Buscando registros para alimento ID 17
3/06/2025 6:03:10 p. m.GetFeedingByFood: Encontrados 0 registros para alimento ID 17
3/06/2025 6:03:12 p. m.GetFeedingByFood: Buscando registros para alimento ID 12
3/06/2025 6:03:12 p. m.GetFeedingByFood: Encontrados 2 registros para alimento ID 12
3/06/2025 6:03:13 p. m.GetFeedingByFood: Buscando registros para alimento ID 12
3/06/2025 6:03:13 p. m.GetFeedingByFood: Encontrados 2 registros para alimento ID 12
3/06/2025 6:03:13 p. m.GetFeedingByFood: Buscando registros para alimento ID 13
3/06/2025 6:03:13 p. m.GetFeedingByFood: Encontrados 1 registros para alimento ID 13
3/06/2025 6:03:13 p. m.GetFeedingByFood: Buscando registros para alimento ID 13
3/06/2025 6:03:13 p. m.GetFeedingByFood: Buscando registros para alimento ID 14
3/06/2025 6:03:13 p. m.GetFeedingByFood: Encontrados 1 registros para alimento ID 13
3/06/2025 6:03:13 p. m.GetFeedingByFood: Encontrados 1 registros para alimento ID 14
3/06/2025 6:03:13 p. m.GetFeedingByFood: Buscando registros para alimento ID 14
3/06/2025 6:03:13 p. m.GetFeedingByFood: Buscando registros para alimento ID 15
3/06/2025 6:03:13 p. m.GetFeedingByFood: Encontrados 1 registros para alimento ID 14
3/06/2025 6:03:13 p. m.GetFeedingByFood: Encontrados 1 registros para alimento ID 15
3/06/2025 6:03:13 p. m.GetFeedingByFood: Buscando registros para alimento ID 15
3/06/2025 6:03:13 p. m.GetFeedingByFood: Buscando registros para alimento ID 16
3/06/2025 6:03:13 p. m.GetFeedingByFood: Encontrados 1 registros para alimento ID 15
3/06/2025 6:03:13 p. m.GetFeedingByFood: Encontrados 1 registros para alimento ID 16
3/06/2025 6:03:13 p. m.GetFeedingByFood: Buscando registros para alimento ID 16
3/06/2025 6:03:13 p. m.GetFeedingByFood: Buscando registros para alimento ID 17
3/06/2025 6:03:13 p. m.GetFeedingByFood: Encontrados 0 registros para alimento ID 17
3/06/2025 6:03:13 p. m.GetFeedingByFood: Encontrados 1 registros para alimento ID 16
3/06/2025 6:03:13 p. m.GetFeedingByFood: Buscando registros para alimento ID 17
3/06/2025 6:03:13 p. m.GetFeedingByFood: Encontrados 0 registros para alimento ID 17
3/06/2025 6:03:14 p. m.GetFeedingByFood: Buscando registros para alimento ID 12
3/06/2025 6:03:14 p. m.GetFeedingByFood: Encontrados 2 registros para alimento ID 12
3/06/2025 6:03:14 p. m.GetFeedingByFood: Buscando registros para alimento ID 12
3/06/2025 6:03:14 p. m.GetFeedingByFood: Encontrados 2 registros para alimento ID 12
3/06/2025 6:03:14 p. m.GetFeedingByFood: Buscando registros para alimento ID 13
3/06/2025 6:03:14 p. m.GetFeedingByFood: Encontrados 1 registros para alimento ID 13
3/06/2025 6:03:14 p. m.GetFeedingByFood: Buscando registros para alimento ID 13
3/06/2025 6:03:14 p. m.GetFeedingByFood: Encontrados 1 registros para alimento ID 13
3/06/2025 6:03:14 p. m.GetFeedingByFood: Buscando registros para alimento ID 14
3/06/2025 6:03:14 p. m.GetFeedingByFood: Encontrados 1 registros para alimento ID 14
3/06/2025 6:03:14 p. m.GetFeedingByFood: Buscando registros para alimento ID 14
3/06/2025 6:03:14 p. m.GetFeedingByFood: Encontrados 1 registros para alimento ID 14
3/06/2025 6:03:14 p. m.GetFeedingByFood: Buscando registros para alimento ID 15
3/06/2025 6:03:14 p. m.GetFeedingByFood: Encontrados 1 registros para alimento ID 15
3/06/2025 6:03:14 p. m.GetFeedingByFood: Buscando registros para alimento ID 15
3/06/2025 6:03:14 p. m.GetFeedingByFood: Encontrados 1 registros para alimento ID 15
3/06/2025 6:03:14 p. m.GetFeedingByFood: Buscando registros para alimento ID 16
3/06/2025 6:03:14 p. m.GetFeedingByFood: Encontrados 1 registros para alimento ID 16
3/06/2025 6:03:14 p. m.GetFeedingByFood: Buscando registros para alimento ID 16
3/06/2025 6:03:14 p. m.GetFeedingByFood: Buscando registros para alimento ID 17
3/06/2025 6:03:14 p. m.GetFeedingByFood: Encontrados 1 registros para alimento ID 16
3/06/2025 6:03:14 p. m.GetFeedingByFood: Encontrados 0 registros para alimento ID 17
3/06/2025 6:03:14 p. m.GetFeedingByFood: Buscando registros para alimento ID 17
3/06/2025 6:03:14 p. m.GetFeedingByFood: Encontrados 0 registros para alimento ID 17
3/06/2025 6:03:39 p. m.GetFeedingByFood: Buscando registros para alimento ID 12
3/06/2025 6:03:39 p. m.GetFeedingByFood: Encontrados 2 registros para alimento ID 12
3/06/2025 6:03:39 p. m.GetFeedingByFood: Buscando registros para alimento ID 12
3/06/2025 6:03:39 p. m.GetFeedingByFood: Encontrados 2 registros para alimento ID 12
3/06/2025 6:03:39 p. m.GetFeedingByFood: Buscando registros para alimento ID 13
3/06/2025 6:03:39 p. m.GetFeedingByFood: Encontrados 1 registros para alimento ID 13
3/06/2025 6:03:39 p. m.GetFeedingByFood: Buscando registros para alimento ID 13
3/06/2025 6:03:39 p. m.GetFeedingByFood: Encontrados 1 registros para alimento ID 13
3/06/2025 6:03:39 p. m.GetFeedingByFood: Buscando registros para alimento ID 14
3/06/2025 6:03:39 p. m.GetFeedingByFood: Encontrados 1 registros para alimento ID 14
3/06/2025 6:03:39 p. m.GetFeedingByFood: Buscando registros para alimento ID 14
3/06/2025 6:03:39 p. m.GetFeedingByFood: Encontrados 1 registros para alimento ID 14
3/06/2025 6:03:39 p. m.GetFeedingByFood: Buscando registros para alimento ID 15
3/06/2025 6:03:39 p. m.GetFeedingByFood: Encontrados 1 registros para alimento ID 15
3/06/2025 6:03:39 p. m.GetFeedingByFood: Buscando registros para alimento ID 15
3/06/2025 6:03:39 p. m.GetFeedingByFood: Encontrados 1 registros para alimento ID 15
3/06/2025 6:03:39 p. m.GetFeedingByFood: Buscando registros para alimento ID 16
3/06/2025 6:03:39 p. m.GetFeedingByFood: Encontrados 1 registros para alimento ID 16
3/06/2025 6:03:39 p. m.GetFeedingByFood: Buscando registros para alimento ID 16
3/06/2025 6:03:39 p. m.GetFeedingByFood: Encontrados 1 registros para alimento ID 16
3/06/2025 6:03:39 p. m.GetFeedingByFood: Buscando registros para alimento ID 17
3/06/2025 6:03:39 p. m.GetFeedingByFood: Encontrados 0 registros para alimento ID 17
3/06/2025 6:03:39 p. m.GetFeedingByFood: Buscando registros para alimento ID 17
3/06/2025 6:03:39 p. m.GetFeedingByFood: Encontrados 0 registros para alimento ID 17
3/06/2025 6:03:41 p. m.GetFeedingByFood: Buscando registros para alimento ID 12
3/06/2025 6:03:41 p. m.GetFeedingByFood: Encontrados 2 registros para alimento ID 12
3/06/2025 6:03:41 p. m.GetFeedingByFood: Buscando registros para alimento ID 12
3/06/2025 6:03:41 p. m.GetFeedingByFood: Encontrados 2 registros para alimento ID 12
3/06/2025 6:03:41 p. m.GetFeedingByFood: Buscando registros para alimento ID 13
3/06/2025 6:03:41 p. m.GetFeedingByFood: Encontrados 1 registros para alimento ID 13
3/06/2025 6:03:41 p. m.GetFeedingByFood: Buscando registros para alimento ID 13
3/06/2025 6:03:41 p. m.GetFeedingByFood: Encontrados 1 registros para alimento ID 13
3/06/2025 6:03:41 p. m.GetFeedingByFood: Buscando registros para alimento ID 14
3/06/2025 6:03:41 p. m.GetFeedingByFood: Encontrados 1 registros para alimento ID 14
3/06/2025 6:03:41 p. m.GetFeedingByFood: Buscando registros para alimento ID 14
3/06/2025 6:03:42 p. m.GetFeedingByFood: Buscando registros para alimento ID 15
3/06/2025 6:03:42 p. m.GetFeedingByFood: Encontrados 1 registros para alimento ID 14
3/06/2025 6:03:42 p. m.GetFeedingByFood: Encontrados 1 registros para alimento ID 15
3/06/2025 6:03:42 p. m.GetFeedingByFood: Buscando registros para alimento ID 15
3/06/2025 6:03:42 p. m.GetFeedingByFood: Buscando registros para alimento ID 16
3/06/2025 6:03:42 p. m.GetFeedingByFood: Encontrados 1 registros para alimento ID 15
3/06/2025 6:03:42 p. m.GetFeedingByFood: Encontrados 1 registros para alimento ID 16
3/06/2025 6:03:42 p. m.GetFeedingByFood: Buscando registros para alimento ID 16
3/06/2025 6:03:42 p. m.GetFeedingByFood: Buscando registros para alimento ID 17
3/06/2025 6:03:42 p. m.GetFeedingByFood: Encontrados 1 registros para alimento ID 16
3/06/2025 6:03:42 p. m.GetFeedingByFood: Encontrados 0 registros para alimento ID 17
3/06/2025 6:03:42 p. m.GetFeedingByFood: Buscando registros para alimento ID 17
3/06/2025 6:03:42 p. m.GetFeedingByFood: Encontrados 0 registros para alimento ID 17
3/06/2025 6:04:14 p. m.GetFeedingByFood: Buscando registros para alimento ID 12
3/06/2025 6:04:14 p. m.GetFeedingByFood: Encontrados 2 registros para alimento ID 12
3/06/2025 6:04:14 p. m.GetFeedingByFood: Buscando registros para alimento ID 12
3/06/2025 6:04:14 p. m.GetFeedingByFood: Encontrados 2 registros para alimento ID 12
3/06/2025 6:04:14 p. m.GetFeedingByFood: Buscando registros para alimento ID 13
3/06/2025 6:04:14 p. m.GetFeedingByFood: Encontrados 1 registros para alimento ID 13
3/06/2025 6:04:14 p. m.GetFeedingByFood: Buscando registros para alimento ID 13
3/06/2025 6:04:14 p. m.GetFeedingByFood: Encontrados 1 registros para alimento ID 13
3/06/2025 6:04:14 p. m.GetFeedingByFood: Buscando registros para alimento ID 14
3/06/2025 6:04:14 p. m.GetFeedingByFood: Encontrados 1 registros para alimento ID 14
3/06/2025 6:04:14 p. m.GetFeedingByFood: Buscando registros para alimento ID 14
3/06/2025 6:04:14 p. m.GetFeedingByFood: Encontrados 1 registros para alimento ID 14
3/06/2025 6:04:14 p. m.GetFeedingByFood: Buscando registros para alimento ID 15
3/06/2025 6:04:14 p. m.GetFeedingByFood: Encontrados 1 registros para alimento ID 15
3/06/2025 6:04:14 p. m.GetFeedingByFood: Buscando registros para alimento ID 15
3/06/2025 6:04:14 p. m.GetFeedingByFood: Encontrados 1 registros para alimento ID 15
3/06/2025 6:04:14 p. m.GetFeedingByFood: Buscando registros para alimento ID 16
3/06/2025 6:04:14 p. m.GetFeedingByFood: Encontrados 1 registros para alimento ID 16
3/06/2025 6:04:14 p. m.GetFeedingByFood: Buscando registros para alimento ID 16
3/06/2025 6:04:14 p. m.GetFeedingByFood: Encontrados 1 registros para alimento ID 16
3/06/2025 6:04:14 p. m.GetFeedingByFood: Buscando registros para alimento ID 17
3/06/2025 6:04:14 p. m.GetFeedingByFood: Encontrados 0 registros para alimento ID 17
3/06/2025 6:04:14 p. m.GetFeedingByFood: Buscando registros para alimento ID 17
3/06/2025 6:04:14 p. m.GetFeedingByFood: Encontrados 0 registros para alimento ID 17
3/06/2025 6:04:17 p. m.GetFeedingByFood: Buscando registros para alimento ID 12
3/06/2025 6:04:17 p. m.GetFeedingByFood: Encontrados 2 registros para alimento ID 12
3/06/2025 6:04:17 p. m.GetFeedingByFood: Buscando registros para alimento ID 12
3/06/2025 6:04:17 p. m.GetFeedingByFood: Encontrados 2 registros para alimento ID 12
3/06/2025 6:04:17 p. m.GetFeedingByFood: Buscando registros para alimento ID 13
3/06/2025 6:04:17 p. m.GetFeedingByFood: Encontrados 1 registros para alimento ID 13
3/06/2025 6:04:17 p. m.GetFeedingByFood: Buscando registros para alimento ID 13
3/06/2025 6:04:17 p. m.GetFeedingByFood: Buscando registros para alimento ID 14
3/06/2025 6:04:17 p. m.GetFeedingByFood: Encontrados 1 registros para alimento ID 13
3/06/2025 6:04:17 p. m.GetFeedingByFood: Encontrados 1 registros para alimento ID 14
3/06/2025 6:04:17 p. m.GetFeedingByFood: Buscando registros para alimento ID 14
3/06/2025 6:04:17 p. m.GetFeedingByFood: Buscando registros para alimento ID 15
3/06/2025 6:04:17 p. m.GetFeedingByFood: Encontrados 1 registros para alimento ID 14
3/06/2025 6:04:17 p. m.GetFeedingByFood: Encontrados 1 registros para alimento ID 15
3/06/2025 6:04:18 p. m.GetFeedingByFood: Buscando registros para alimento ID 15
3/06/2025 6:04:18 p. m.GetFeedingByFood: Buscando registros para alimento ID 16
3/06/2025 6:04:18 p. m.GetFeedingByFood: Encontrados 1 registros para alimento ID 16
3/06/2025 6:04:18 p. m.GetFeedingByFood: Encontrados 1 registros para alimento ID 15
3/06/2025 6:04:18 p. m.GetFeedingByFood: Buscando registros para alimento ID 17
3/06/2025 6:04:18 p. m.GetFeedingByFood: Buscando registros para alimento ID 16
3/06/2025 6:04:18 p. m.GetFeedingByFood: Encontrados 1 registros para alimento ID 16
3/06/2025 6:04:18 p. m.GetFeedingByFood: Encontrados 0 registros para alimento ID 17
3/06/2025 6:04:18 p. m.GetFeedingByFood: Buscando registros para alimento ID 17
3/06/2025 6:04:18 p. m.GetFeedingByFood: Encontrados 0 registros para alimento ID 17
3/06/2025 6:41:50 p. m.GetFeedingByFood: Buscando registros para alimento ID 12
3/06/2025 6:41:51 p. m.GetFeedingByFood: Encontrados 2 registros para alimento ID 12
3/06/2025 6:41:51 p. m.GetFeedingByFood: Buscando registros para alimento ID 12
3/06/2025 6:41:51 p. m.GetFeedingByFood: Encontrados 2 registros para alimento ID 12
3/06/2025 6:41:51 p. m.GetFeedingByFood: Buscando registros para alimento ID 12
3/06/2025 6:41:51 p. m.GetFeedingByFood: Buscando registros para alimento ID 13
3/06/2025 6:41:51 p. m.GetFeedingByFood: Encontrados 2 registros para alimento ID 12
3/06/2025 6:41:51 p. m.GetFeedingByFood: Buscando registros para alimento ID 12
3/06/2025 6:41:51 p. m.GetFeedingByFood: Encontrados 1 registros para alimento ID 13
3/06/2025 6:41:51 p. m.GetFeedingByFood: Buscando registros para alimento ID 13
3/06/2025 6:41:51 p. m.GetFeedingByFood: Encontrados 2 registros para alimento ID 12
3/06/2025 6:41:51 p. m.GetFeedingByFood: Encontrados 1 registros para alimento ID 13
3/06/2025 6:41:51 p. m.GetFeedingByFood: Buscando registros para alimento ID 13
3/06/2025 6:41:51 p. m.GetFeedingByFood: Buscando registros para alimento ID 14
3/06/2025 6:41:51 p. m.GetFeedingByFood: Encontrados 1 registros para alimento ID 13
3/06/2025 6:41:51 p. m.GetFeedingByFood: Encontrados 1 registros para alimento ID 14
3/06/2025 6:41:51 p. m.GetFeedingByFood: Buscando registros para alimento ID 13
3/06/2025 6:41:51 p. m.GetFeedingByFood: Buscando registros para alimento ID 14
3/06/2025 6:41:51 p. m.GetFeedingByFood: Encontrados 1 registros para alimento ID 13
3/06/2025 6:41:51 p. m.GetFeedingByFood: Encontrados 1 registros para alimento ID 14
3/06/2025 6:41:51 p. m.GetFeedingByFood: Buscando registros para alimento ID 14
3/06/2025 6:41:51 p. m.GetFeedingByFood: Encontrados 1 registros para alimento ID 14
3/06/2025 6:41:51 p. m.GetFeedingByFood: Buscando registros para alimento ID 15
3/06/2025 6:41:51 p. m.GetFeedingByFood: Buscando registros para alimento ID 14
3/06/2025 6:41:51 p. m.GetFeedingByFood: Encontrados 1 registros para alimento ID 15
3/06/2025 6:41:51 p. m.GetFeedingByFood: Buscando registros para alimento ID 15
3/06/2025 6:41:51 p. m.GetFeedingByFood: Encontrados 1 registros para alimento ID 14
3/06/2025 6:41:51 p. m.GetFeedingByFood: Encontrados 1 registros para alimento ID 15
3/06/2025 6:41:51 p. m.GetFeedingByFood: Buscando registros para alimento ID 15
3/06/2025 6:41:51 p. m.GetFeedingByFood: Buscando registros para alimento ID 16
3/06/2025 6:41:52 p. m.GetFeedingByFood: Encontrados 1 registros para alimento ID 15
3/06/2025 6:41:52 p. m.GetFeedingByFood: Encontrados 1 registros para alimento ID 16
3/06/2025 6:41:52 p. m.GetFeedingByFood: Buscando registros para alimento ID 15
3/06/2025 6:41:52 p. m.GetFeedingByFood: Buscando registros para alimento ID 16
3/06/2025 6:41:52 p. m.GetFeedingByFood: Encontrados 1 registros para alimento ID 15
3/06/2025 6:41:52 p. m.GetFeedingByFood: Encontrados 1 registros para alimento ID 16
3/06/2025 6:41:52 p. m.GetFeedingByFood: Buscando registros para alimento ID 17
3/06/2025 6:41:52 p. m.GetFeedingByFood: Buscando registros para alimento ID 16
3/06/2025 6:41:52 p. m.GetFeedingByFood: Encontrados 1 registros para alimento ID 16
3/06/2025 6:41:52 p. m.GetFeedingByFood: Encontrados 0 registros para alimento ID 17
3/06/2025 6:41:52 p. m.GetFeedingByFood: Buscando registros para alimento ID 16
3/06/2025 6:41:52 p. m.GetFeedingByFood: Buscando registros para alimento ID 17
3/06/2025 6:41:52 p. m.GetFeedingByFood: Encontrados 1 registros para alimento ID 16
3/06/2025 6:41:52 p. m.GetFeedingByFood: Encontrados 0 registros para alimento ID 17
3/06/2025 6:41:52 p. m.GetFeedingByFood: Buscando registros para alimento ID 17
3/06/2025 6:41:52 p. m.GetFeedingByFood: Encontrados 0 registros para alimento ID 17
3/06/2025 6:41:52 p. m.Cambiando estado del alimento ID 17 a Inactivo
3/06/2025 6:41:52 p. m.GetFeedingByFood: Buscando registros para alimento ID 17
3/06/2025 6:41:52 p. m.GetFeedingByFood: Encontrados 0 registros para alimento ID 17
3/06/2025 6:41:52 p. m.Cambiando estado de alimento ID 17 de 'Existente' a 'Inactivo'
3/06/2025 6:41:52 p. m.Estado cambiado exitosamente a 'Inactivo' para alimento ID 17
3/06/2025 6:41:52 p. m.GetFeedingByFood: Buscando registros para alimento ID 12
3/06/2025 6:41:52 p. m.GetFeedingByFood: Encontrados 2 registros para alimento ID 12
3/06/2025 6:41:52 p. m.GetFeedingByFood: Buscando registros para alimento ID 12
3/06/2025 6:41:52 p. m.GetFeedingByFood: Encontrados 2 registros para alimento ID 12
3/06/2025 6:41:52 p. m.GetFeedingByFood: Buscando registros para alimento ID 13
3/06/2025 6:41:52 p. m.GetFeedingByFood: Encontrados 1 registros para alimento ID 13
3/06/2025 6:41:52 p. m.GetFeedingByFood: Buscando registros para alimento ID 13
3/06/2025 6:41:52 p. m.GetFeedingByFood: Buscando registros para alimento ID 14
3/06/2025 6:41:52 p. m.GetFeedingByFood: Encontrados 1 registros para alimento ID 13
3/06/2025 6:41:52 p. m.GetFeedingByFood: Encontrados 1 registros para alimento ID 14
3/06/2025 6:41:52 p. m.GetFeedingByFood: Buscando registros para alimento ID 14
3/06/2025 6:41:52 p. m.GetFeedingByFood: Buscando registros para alimento ID 15
3/06/2025 6:41:52 p. m.GetFeedingByFood: Encontrados 1 registros para alimento ID 15
3/06/2025 6:41:52 p. m.GetFeedingByFood: Encontrados 1 registros para alimento ID 14
3/06/2025 6:41:52 p. m.GetFeedingByFood: Buscando registros para alimento ID 16
3/06/2025 6:41:52 p. m.GetFeedingByFood: Buscando registros para alimento ID 15
3/06/2025 6:41:52 p. m.GetFeedingByFood: Encontrados 1 registros para alimento ID 15
3/06/2025 6:41:52 p. m.GetFeedingByFood: Encontrados 1 registros para alimento ID 16
3/06/2025 6:41:52 p. m.GetFeedingByFood: Buscando registros para alimento ID 17
3/06/2025 6:41:52 p. m.GetFeedingByFood: Buscando registros para alimento ID 16
3/06/2025 6:41:53 p. m.GetFeedingByFood: Encontrados 0 registros para alimento ID 17
3/06/2025 6:41:53 p. m.GetFeedingByFood: Encontrados 1 registros para alimento ID 16
3/06/2025 6:41:53 p. m.GetFeedingByFood: Buscando registros para alimento ID 17
3/06/2025 6:41:53 p. m.GetFeedingByFood: Encontrados 0 registros para alimento ID 17
3/06/2025 6:41:54 p. m.GetFeedingByFood: Buscando registros para alimento ID 12
3/06/2025 6:41:54 p. m.GetFeedingByFood: Encontrados 2 registros para alimento ID 12
3/06/2025 6:41:54 p. m.GetFeedingByFood: Buscando registros para alimento ID 12
3/06/2025 6:41:54 p. m.GetFeedingByFood: Buscando registros para alimento ID 13
3/06/2025 6:41:54 p. m.GetFeedingByFood: Encontrados 2 registros para alimento ID 12
3/06/2025 6:41:54 p. m.GetFeedingByFood: Encontrados 1 registros para alimento ID 13
3/06/2025 6:41:54 p. m.GetFeedingByFood: Buscando registros para alimento ID 13
3/06/2025 6:41:54 p. m.GetFeedingByFood: Encontrados 1 registros para alimento ID 13
3/06/2025 6:41:54 p. m.GetFeedingByFood: Buscando registros para alimento ID 14
3/06/2025 6:41:54 p. m.GetFeedingByFood: Encontrados 1 registros para alimento ID 14
3/06/2025 6:41:54 p. m.GetFeedingByFood: Buscando registros para alimento ID 14
3/06/2025 6:41:54 p. m.GetFeedingByFood: Buscando registros para alimento ID 15
3/06/2025 6:41:54 p. m.GetFeedingByFood: Encontrados 1 registros para alimento ID 14
3/06/2025 6:41:54 p. m.GetFeedingByFood: Encontrados 1 registros para alimento ID 15
3/06/2025 6:41:54 p. m.GetFeedingByFood: Buscando registros para alimento ID 15
3/06/2025 6:41:54 p. m.GetFeedingByFood: Buscando registros para alimento ID 16
3/06/2025 6:41:54 p. m.GetFeedingByFood: Encontrados 1 registros para alimento ID 15
3/06/2025 6:41:54 p. m.GetFeedingByFood: Encontrados 1 registros para alimento ID 16
3/06/2025 6:41:54 p. m.GetFeedingByFood: Buscando registros para alimento ID 16
3/06/2025 6:41:54 p. m.GetFeedingByFood: Buscando registros para alimento ID 17
3/06/2025 6:41:55 p. m.GetFeedingByFood: Encontrados 1 registros para alimento ID 16
3/06/2025 6:41:55 p. m.GetFeedingByFood: Encontrados 0 registros para alimento ID 17
3/06/2025 6:41:55 p. m.GetFeedingByFood: Buscando registros para alimento ID 17
3/06/2025 6:41:55 p. m.GetFeedingByFood: Encontrados 0 registros para alimento ID 17
3/06/2025 6:42:00 p. m.Cambiando estado del alimento ID 17 a Activo
3/06/2025 6:42:01 p. m.Cambiando estado de alimento ID 17 de 'Inactivo' a 'Activo'
3/06/2025 6:42:01 p. m.Estado cambiado exitosamente a 'Activo' para alimento ID 17
3/06/2025 6:42:01 p. m.GetFeedingByFood: Buscando registros para alimento ID 12
3/06/2025 6:42:01 p. m.GetFeedingByFood: Encontrados 2 registros para alimento ID 12
3/06/2025 6:42:01 p. m.GetFeedingByFood: Buscando registros para alimento ID 12
3/06/2025 6:42:01 p. m.GetFeedingByFood: Encontrados 2 registros para alimento ID 12
3/06/2025 6:42:01 p. m.GetFeedingByFood: Buscando registros para alimento ID 13
3/06/2025 6:42:01 p. m.GetFeedingByFood: Encontrados 1 registros para alimento ID 13
3/06/2025 6:42:01 p. m.GetFeedingByFood: Buscando registros para alimento ID 13
3/06/2025 6:42:01 p. m.GetFeedingByFood: Encontrados 1 registros para alimento ID 13
3/06/2025 6:42:01 p. m.GetFeedingByFood: Buscando registros para alimento ID 14
3/06/2025 6:42:01 p. m.GetFeedingByFood: Encontrados 1 registros para alimento ID 14
3/06/2025 6:42:01 p. m.GetFeedingByFood: Buscando registros para alimento ID 14
3/06/2025 6:42:01 p. m.GetFeedingByFood: Encontrados 1 registros para alimento ID 14
3/06/2025 6:42:01 p. m.GetFeedingByFood: Buscando registros para alimento ID 15
3/06/2025 6:42:02 p. m.GetFeedingByFood: Encontrados 1 registros para alimento ID 15
3/06/2025 6:42:02 p. m.GetFeedingByFood: Buscando registros para alimento ID 15
3/06/2025 6:42:02 p. m.GetFeedingByFood: Encontrados 1 registros para alimento ID 15
3/06/2025 6:42:02 p. m.GetFeedingByFood: Buscando registros para alimento ID 16
3/06/2025 6:42:02 p. m.GetFeedingByFood: Encontrados 1 registros para alimento ID 16
3/06/2025 6:42:02 p. m.GetFeedingByFood: Buscando registros para alimento ID 16
3/06/2025 6:42:02 p. m.GetFeedingByFood: Encontrados 1 registros para alimento ID 16
3/06/2025 6:42:02 p. m.GetFeedingByFood: Buscando registros para alimento ID 17
3/06/2025 6:42:02 p. m.GetFeedingByFood: Encontrados 0 registros para alimento ID 17
3/06/2025 6:42:02 p. m.GetFeedingByFood: Buscando registros para alimento ID 17
3/06/2025 6:42:02 p. m.GetFeedingByFood: Encontrados 0 registros para alimento ID 17
3/06/2025 6:42:02 p. m.GetFeedingByFood: Buscando registros para alimento ID 12
3/06/2025 6:42:02 p. m.GetFeedingByFood: Encontrados 2 registros para alimento ID 12
3/06/2025 6:42:02 p. m.GetFeedingByFood: Buscando registros para alimento ID 12
3/06/2025 6:42:02 p. m.GetFeedingByFood: Buscando registros para alimento ID 13
3/06/2025 6:42:02 p. m.GetFeedingByFood: Encontrados 1 registros para alimento ID 13
3/06/2025 6:42:02 p. m.GetFeedingByFood: Encontrados 2 registros para alimento ID 12
3/06/2025 6:42:02 p. m.GetFeedingByFood: Buscando registros para alimento ID 14
3/06/2025 6:42:02 p. m.GetFeedingByFood: Buscando registros para alimento ID 13
3/06/2025 6:42:02 p. m.GetFeedingByFood: Encontrados 1 registros para alimento ID 14
3/06/2025 6:42:02 p. m.GetFeedingByFood: Encontrados 1 registros para alimento ID 13
3/06/2025 6:42:02 p. m.GetFeedingByFood: Buscando registros para alimento ID 14
3/06/2025 6:42:02 p. m.GetFeedingByFood: Buscando registros para alimento ID 15
3/06/2025 6:42:02 p. m.GetFeedingByFood: Encontrados 1 registros para alimento ID 14
3/06/2025 6:42:02 p. m.GetFeedingByFood: Encontrados 1 registros para alimento ID 15
3/06/2025 6:42:02 p. m.GetFeedingByFood: Buscando registros para alimento ID 15
3/06/2025 6:42:02 p. m.GetFeedingByFood: Encontrados 1 registros para alimento ID 15
3/06/2025 6:42:02 p. m.GetFeedingByFood: Buscando registros para alimento ID 16
3/06/2025 6:42:02 p. m.GetFeedingByFood: Encontrados 1 registros para alimento ID 16
3/06/2025 6:42:02 p. m.GetFeedingByFood: Buscando registros para alimento ID 16
3/06/2025 6:42:02 p. m.GetFeedingByFood: Encontrados 1 registros para alimento ID 16
3/06/2025 6:42:02 p. m.GetFeedingByFood: Buscando registros para alimento ID 17
3/06/2025 6:42:02 p. m.GetFeedingByFood: Encontrados 0 registros para alimento ID 17
3/06/2025 6:42:02 p. m.GetFeedingByFood: Buscando registros para alimento ID 17
3/06/2025 6:42:02 p. m.GetFeedingByFood: Encontrados 0 registros para alimento ID 17
3/06/2025 6:42:23 p. m.GetFeedingByFood: Buscando registros para alimento ID 12
3/06/2025 6:42:23 p. m.GetFeedingByFood: Encontrados 2 registros para alimento ID 12
3/06/2025 6:42:23 p. m.GetFeedingByFood: Buscando registros para alimento ID 12
3/06/2025 6:42:23 p. m.GetFeedingByFood: Encontrados 2 registros para alimento ID 12
3/06/2025 6:42:23 p. m.GetFeedingByFood: Buscando registros para alimento ID 13
3/06/2025 6:42:23 p. m.GetFeedingByFood: Encontrados 1 registros para alimento ID 13
3/06/2025 6:42:23 p. m.GetFeedingByFood: Buscando registros para alimento ID 13
3/06/2025 6:42:23 p. m.GetFeedingByFood: Encontrados 1 registros para alimento ID 13
3/06/2025 6:42:23 p. m.GetFeedingByFood: Buscando registros para alimento ID 14
3/06/2025 6:42:23 p. m.GetFeedingByFood: Encontrados 1 registros para alimento ID 14
3/06/2025 6:42:23 p. m.GetFeedingByFood: Buscando registros para alimento ID 14
3/06/2025 6:42:23 p. m.GetFeedingByFood: Encontrados 1 registros para alimento ID 14
3/06/2025 6:42:23 p. m.GetFeedingByFood: Buscando registros para alimento ID 15
3/06/2025 6:42:23 p. m.GetFeedingByFood: Encontrados 1 registros para alimento ID 15
3/06/2025 6:42:23 p. m.GetFeedingByFood: Buscando registros para alimento ID 15
3/06/2025 6:42:23 p. m.GetFeedingByFood: Encontrados 1 registros para alimento ID 15
3/06/2025 6:42:23 p. m.GetFeedingByFood: Buscando registros para alimento ID 16
3/06/2025 6:42:23 p. m.GetFeedingByFood: Encontrados 1 registros para alimento ID 16
3/06/2025 6:42:23 p. m.GetFeedingByFood: Buscando registros para alimento ID 16
3/06/2025 6:42:23 p. m.GetFeedingByFood: Encontrados 1 registros para alimento ID 16
3/06/2025 6:42:23 p. m.GetFeedingByFood: Buscando registros para alimento ID 17
3/06/2025 6:42:23 p. m.GetFeedingByFood: Encontrados 0 registros para alimento ID 17
3/06/2025 6:42:23 p. m.GetFeedingByFood: Buscando registros para alimento ID 17
3/06/2025 6:42:23 p. m.GetFeedingByFood: Encontrados 0 registros para alimento ID 17
3/06/2025 6:42:24 p. m.GetFeedingByFood: Buscando registros para alimento ID 12
3/06/2025 6:42:24 p. m.GetFeedingByFood: Encontrados 2 registros para alimento ID 12
3/06/2025 6:42:24 p. m.GetFeedingByFood: Buscando registros para alimento ID 12
3/06/2025 6:42:24 p. m.GetFeedingByFood: Encontrados 2 registros para alimento ID 12
3/06/2025 6:42:24 p. m.GetFeedingByFood: Buscando registros para alimento ID 13
3/06/2025 6:42:24 p. m.GetFeedingByFood: Encontrados 1 registros para alimento ID 13
3/06/2025 6:42:25 p. m.GetFeedingByFood: Buscando registros para alimento ID 13
3/06/2025 6:42:25 p. m.GetFeedingByFood: Encontrados 1 registros para alimento ID 13
3/06/2025 6:42:25 p. m.GetFeedingByFood: Buscando registros para alimento ID 14
3/06/2025 6:42:25 p. m.GetFeedingByFood: Encontrados 1 registros para alimento ID 14
3/06/2025 6:42:25 p. m.GetFeedingByFood: Buscando registros para alimento ID 14
3/06/2025 6:42:25 p. m.GetFeedingByFood: Encontrados 1 registros para alimento ID 14
3/06/2025 6:42:25 p. m.GetFeedingByFood: Buscando registros para alimento ID 15
3/06/2025 6:42:25 p. m.GetFeedingByFood: Encontrados 1 registros para alimento ID 15
3/06/2025 6:42:25 p. m.GetFeedingByFood: Buscando registros para alimento ID 15
3/06/2025 6:42:25 p. m.GetFeedingByFood: Encontrados 1 registros para alimento ID 15
3/06/2025 6:42:25 p. m.GetFeedingByFood: Buscando registros para alimento ID 16
3/06/2025 6:42:25 p. m.GetFeedingByFood: Encontrados 1 registros para alimento ID 16
3/06/2025 6:42:25 p. m.GetFeedingByFood: Buscando registros para alimento ID 16
3/06/2025 6:42:25 p. m.GetFeedingByFood: Encontrados 1 registros para alimento ID 16
3/06/2025 6:42:25 p. m.GetFeedingByFood: Buscando registros para alimento ID 17
3/06/2025 6:42:25 p. m.GetFeedingByFood: Encontrados 0 registros para alimento ID 17
3/06/2025 6:42:25 p. m.GetFeedingByFood: Buscando registros para alimento ID 17
3/06/2025 6:42:25 p. m.GetFeedingByFood: Encontrados 0 registros para alimento ID 17
3/06/2025 7:09:12 p. m.GetFeedingByFood: Buscando registros para alimento ID 12
3/06/2025 7:09:21 p. m.GetFeedingByFood: Encontrados 2 registros para alimento ID 12
3/06/2025 7:09:21 p. m.GetFeedingByFood: Buscando registros para alimento ID 12
3/06/2025 7:09:21 p. m.GetFeedingByFood: Encontrados 2 registros para alimento ID 12
3/06/2025 7:09:21 p. m.GetFeedingByFood: Buscando registros para alimento ID 12
3/06/2025 7:09:21 p. m.GetFeedingByFood: Encontrados 2 registros para alimento ID 12
3/06/2025 7:09:21 p. m.GetFeedingByFood: Buscando registros para alimento ID 12
3/06/2025 7:09:21 p. m.GetFeedingByFood: Encontrados 2 registros para alimento ID 12
3/06/2025 7:09:21 p. m.GetFeedingByFood: Buscando registros para alimento ID 12
3/06/2025 7:09:21 p. m.GetFeedingByFood: Buscando registros para alimento ID 13
3/06/2025 7:09:21 p. m.GetFeedingByFood: Encontrados 2 registros para alimento ID 12
3/06/2025 7:09:21 p. m.GetFeedingByFood: Encontrados 1 registros para alimento ID 13
3/06/2025 7:09:21 p. m.GetFeedingByFood: Buscando registros para alimento ID 13
3/06/2025 7:09:21 p. m.GetFeedingByFood: Encontrados 1 registros para alimento ID 13
3/06/2025 7:09:21 p. m.GetFeedingByFood: Buscando registros para alimento ID 13
3/06/2025 7:09:22 p. m.GetFeedingByFood: Encontrados 1 registros para alimento ID 13
3/06/2025 7:09:22 p. m.GetFeedingByFood: Buscando registros para alimento ID 13
3/06/2025 7:09:22 p. m.GetFeedingByFood: Encontrados 1 registros para alimento ID 13
3/06/2025 7:09:22 p. m.GetFeedingByFood: Buscando registros para alimento ID 14
3/06/2025 7:09:22 p. m.GetFeedingByFood: Encontrados 1 registros para alimento ID 14
3/06/2025 7:09:22 p. m.GetFeedingByFood: Buscando registros para alimento ID 14
3/06/2025 7:09:22 p. m.GetFeedingByFood: Encontrados 1 registros para alimento ID 14
3/06/2025 7:09:22 p. m.GetFeedingByFood: Buscando registros para alimento ID 14
3/06/2025 7:09:22 p. m.GetFeedingByFood: Encontrados 1 registros para alimento ID 14
3/06/2025 7:09:22 p. m.GetFeedingByFood: Buscando registros para alimento ID 14
3/06/2025 7:09:22 p. m.GetFeedingByFood: Encontrados 1 registros para alimento ID 14
3/06/2025 7:09:22 p. m.GetFeedingByFood: Buscando registros para alimento ID 15
3/06/2025 7:09:22 p. m.GetFeedingByFood: Encontrados 1 registros para alimento ID 15
3/06/2025 7:09:22 p. m.GetFeedingByFood: Buscando registros para alimento ID 15
3/06/2025 7:09:22 p. m.GetFeedingByFood: Encontrados 1 registros para alimento ID 15
3/06/2025 7:09:22 p. m.GetFeedingByFood: Buscando registros para alimento ID 15
3/06/2025 7:09:22 p. m.GetFeedingByFood: Encontrados 1 registros para alimento ID 15
3/06/2025 7:09:22 p. m.GetFeedingByFood: Buscando registros para alimento ID 15
3/06/2025 7:09:22 p. m.GetFeedingByFood: Buscando registros para alimento ID 16
3/06/2025 7:09:22 p. m.GetFeedingByFood: Encontrados 1 registros para alimento ID 16
3/06/2025 7:09:22 p. m.GetFeedingByFood: Encontrados 1 registros para alimento ID 15
3/06/2025 7:09:22 p. m.GetFeedingByFood: Buscando registros para alimento ID 16
3/06/2025 7:09:22 p. m.GetFeedingByFood: Encontrados 1 registros para alimento ID 16
3/06/2025 7:09:23 p. m.GetFeedingByFood: Buscando registros para alimento ID 16
3/06/2025 7:09:23 p. m.GetFeedingByFood: Encontrados 1 registros para alimento ID 16
3/06/2025 7:09:23 p. m.GetFeedingByFood: Buscando registros para alimento ID 16
3/06/2025 7:09:23 p. m.GetFeedingByFood: Encontrados 1 registros para alimento ID 16
3/06/2025 7:09:23 p. m.GetFeedingByFood: Buscando registros para alimento ID 17
3/06/2025 7:09:23 p. m.GetFeedingByFood: Encontrados 0 registros para alimento ID 17
3/06/2025 7:09:23 p. m.GetFeedingByFood: Buscando registros para alimento ID 17
3/06/2025 7:09:23 p. m.GetFeedingByFood: Encontrados 0 registros para alimento ID 17
3/06/2025 7:09:23 p. m.GetFeedingByFood: Buscando registros para alimento ID 17
3/06/2025 7:09:23 p. m.GetFeedingByFood: Encontrados 0 registros para alimento ID 17
3/06/2025 7:09:23 p. m.GetFeedingByFood: Buscando registros para alimento ID 17
3/06/2025 7:09:23 p. m.GetFeedingByFood: Encontrados 0 registros para alimento ID 17
3/06/2025 7:09:27 p. m.Cambiando estado del alimento ID 17 a Inactivo
3/06/2025 7:09:27 p. m.Cambiando estado de alimento ID 17 de 'Activo' a 'Inactivo'
3/06/2025 7:09:27 p. m.Alimento desactivado a 'Inactivo'
3/06/2025 7:09:27 p. m.Estado final guardado: 'Inactivo' para alimento ID 17
3/06/2025 7:09:27 p. m.GetFeedingByFood: Buscando registros para alimento ID 12
3/06/2025 7:09:27 p. m.GetFeedingByFood: Encontrados 2 registros para alimento ID 12
3/06/2025 7:09:27 p. m.GetFeedingByFood: Buscando registros para alimento ID 12
3/06/2025 7:09:27 p. m.GetFeedingByFood: Encontrados 2 registros para alimento ID 12
3/06/2025 7:09:27 p. m.GetFeedingByFood: Buscando registros para alimento ID 13
3/06/2025 7:09:27 p. m.GetFeedingByFood: Encontrados 1 registros para alimento ID 13
3/06/2025 7:09:27 p. m.GetFeedingByFood: Buscando registros para alimento ID 13
3/06/2025 7:09:27 p. m.GetFeedingByFood: Encontrados 1 registros para alimento ID 13
3/06/2025 7:09:27 p. m.GetFeedingByFood: Buscando registros para alimento ID 14
3/06/2025 7:09:27 p. m.GetFeedingByFood: Encontrados 1 registros para alimento ID 14
3/06/2025 7:09:27 p. m.GetFeedingByFood: Buscando registros para alimento ID 14
3/06/2025 7:09:27 p. m.GetFeedingByFood: Encontrados 1 registros para alimento ID 14
3/06/2025 7:09:27 p. m.GetFeedingByFood: Buscando registros para alimento ID 15
3/06/2025 7:09:27 p. m.GetFeedingByFood: Encontrados 1 registros para alimento ID 15
3/06/2025 7:09:27 p. m.GetFeedingByFood: Buscando registros para alimento ID 15
3/06/2025 7:09:27 p. m.GetFeedingByFood: Encontrados 1 registros para alimento ID 15
3/06/2025 7:09:27 p. m.GetFeedingByFood: Buscando registros para alimento ID 16
3/06/2025 7:09:27 p. m.GetFeedingByFood: Encontrados 1 registros para alimento ID 16
3/06/2025 7:09:27 p. m.GetFeedingByFood: Buscando registros para alimento ID 16
3/06/2025 7:09:27 p. m.GetFeedingByFood: Buscando registros para alimento ID 17
3/06/2025 7:09:27 p. m.GetFeedingByFood: Encontrados 1 registros para alimento ID 16
3/06/2025 7:09:27 p. m.GetFeedingByFood: Encontrados 0 registros para alimento ID 17
3/06/2025 7:09:28 p. m.GetFeedingByFood: Buscando registros para alimento ID 17
3/06/2025 7:09:28 p. m.GetFeedingByFood: Encontrados 0 registros para alimento ID 17
3/06/2025 7:09:28 p. m.GetFeedingByFood: Buscando registros para alimento ID 12
3/06/2025 7:09:28 p. m.GetFeedingByFood: Encontrados 2 registros para alimento ID 12
3/06/2025 7:09:28 p. m.GetFeedingByFood: Buscando registros para alimento ID 12
3/06/2025 7:09:28 p. m.GetFeedingByFood: Buscando registros para alimento ID 13
3/06/2025 7:09:28 p. m.GetFeedingByFood: Encontrados 1 registros para alimento ID 13
3/06/2025 7:09:28 p. m.GetFeedingByFood: Encontrados 2 registros para alimento ID 12
3/06/2025 7:09:28 p. m.GetFeedingByFood: Buscando registros para alimento ID 14
3/06/2025 7:09:28 p. m.GetFeedingByFood: Buscando registros para alimento ID 13
3/06/2025 7:09:28 p. m.GetFeedingByFood: Encontrados 1 registros para alimento ID 13
3/06/2025 7:09:29 p. m.GetFeedingByFood: Encontrados 1 registros para alimento ID 14
3/06/2025 7:09:29 p. m.GetFeedingByFood: Buscando registros para alimento ID 14
3/06/2025 7:09:29 p. m.GetFeedingByFood: Buscando registros para alimento ID 15
3/06/2025 7:09:29 p. m.GetFeedingByFood: Encontrados 1 registros para alimento ID 14
3/06/2025 7:09:29 p. m.GetFeedingByFood: Encontrados 1 registros para alimento ID 15
3/06/2025 7:09:29 p. m.GetFeedingByFood: Buscando registros para alimento ID 15
3/06/2025 7:09:29 p. m.GetFeedingByFood: Buscando registros para alimento ID 16
3/06/2025 7:09:29 p. m.GetFeedingByFood: Encontrados 1 registros para alimento ID 15
3/06/2025 7:09:29 p. m.GetFeedingByFood: Encontrados 1 registros para alimento ID 16
3/06/2025 7:09:29 p. m.GetFeedingByFood: Buscando registros para alimento ID 16
3/06/2025 7:09:29 p. m.GetFeedingByFood: Encontrados 1 registros para alimento ID 16
3/06/2025 7:09:29 p. m.GetFeedingByFood: Buscando registros para alimento ID 17
3/06/2025 7:09:29 p. m.GetFeedingByFood: Encontrados 0 registros para alimento ID 17
3/06/2025 7:09:29 p. m.GetFeedingByFood: Buscando registros para alimento ID 17
3/06/2025 7:09:29 p. m.GetFeedingByFood: Encontrados 0 registros para alimento ID 17
3/06/2025 7:09:29 p. m.Cambiando estado del alimento ID 17 a Existente
3/06/2025 7:09:29 p. m.Cambiando estado de alimento ID 17 de 'Inactivo' a 'Existente'
3/06/2025 7:09:29 p. m.Alimento activado. Estado final después de evaluación automática: 'Existente'
3/06/2025 7:09:29 p. m.Estado final guardado: 'Existente' para alimento ID 17
3/06/2025 7:09:29 p. m.GetFeedingByFood: Buscando registros para alimento ID 12
3/06/2025 7:09:29 p. m.GetFeedingByFood: Encontrados 2 registros para alimento ID 12
3/06/2025 7:09:29 p. m.GetFeedingByFood: Buscando registros para alimento ID 12
3/06/2025 7:09:30 p. m.GetFeedingByFood: Buscando registros para alimento ID 13
3/06/2025 7:09:30 p. m.GetFeedingByFood: Encontrados 2 registros para alimento ID 12
3/06/2025 7:09:30 p. m.GetFeedingByFood: Encontrados 1 registros para alimento ID 13
3/06/2025 7:09:30 p. m.GetFeedingByFood: Buscando registros para alimento ID 13
3/06/2025 7:09:30 p. m.GetFeedingByFood: Encontrados 1 registros para alimento ID 13
3/06/2025 7:09:30 p. m.GetFeedingByFood: Buscando registros para alimento ID 14
3/06/2025 7:09:30 p. m.GetFeedingByFood: Encontrados 1 registros para alimento ID 14
3/06/2025 7:09:30 p. m.GetFeedingByFood: Buscando registros para alimento ID 14
3/06/2025 7:09:30 p. m.GetFeedingByFood: Buscando registros para alimento ID 15
3/06/2025 7:09:30 p. m.GetFeedingByFood: Encontrados 1 registros para alimento ID 14
3/06/2025 7:09:30 p. m.GetFeedingByFood: Encontrados 1 registros para alimento ID 15
3/06/2025 7:09:30 p. m.GetFeedingByFood: Buscando registros para alimento ID 15
3/06/2025 7:09:30 p. m.GetFeedingByFood: Encontrados 1 registros para alimento ID 15
3/06/2025 7:09:30 p. m.GetFeedingByFood: Buscando registros para alimento ID 16
3/06/2025 7:09:30 p. m.GetFeedingByFood: Encontrados 1 registros para alimento ID 16
3/06/2025 7:09:30 p. m.GetFeedingByFood: Buscando registros para alimento ID 16
3/06/2025 7:09:30 p. m.GetFeedingByFood: Buscando registros para alimento ID 17
3/06/2025 7:09:30 p. m.GetFeedingByFood: Encontrados 0 registros para alimento ID 17
3/06/2025 7:09:30 p. m.GetFeedingByFood: Encontrados 1 registros para alimento ID 16
3/06/2025 7:09:30 p. m.GetFeedingByFood: Buscando registros para alimento ID 17
3/06/2025 7:09:30 p. m.GetFeedingByFood: Encontrados 0 registros para alimento ID 17
3/06/2025 7:09:30 p. m.GetFeedingByFood: Buscando registros para alimento ID 12
3/06/2025 7:09:30 p. m.GetFeedingByFood: Encontrados 2 registros para alimento ID 12
3/06/2025 7:09:30 p. m.GetFeedingByFood: Buscando registros para alimento ID 12
3/06/2025 7:09:30 p. m.GetFeedingByFood: Buscando registros para alimento ID 13
3/06/2025 7:09:30 p. m.GetFeedingByFood: Encontrados 2 registros para alimento ID 12
3/06/2025 7:09:30 p. m.GetFeedingByFood: Encontrados 1 registros para alimento ID 13
3/06/2025 7:09:30 p. m.GetFeedingByFood: Buscando registros para alimento ID 13
3/06/2025 7:09:30 p. m.GetFeedingByFood: Buscando registros para alimento ID 14
3/06/2025 7:09:30 p. m.GetFeedingByFood: Encontrados 1 registros para alimento ID 13
3/06/2025 7:09:30 p. m.GetFeedingByFood: Encontrados 1 registros para alimento ID 14
3/06/2025 7:09:30 p. m.GetFeedingByFood: Buscando registros para alimento ID 15
3/06/2025 7:09:30 p. m.GetFeedingByFood: Buscando registros para alimento ID 14
3/06/2025 7:09:30 p. m.GetFeedingByFood: Encontrados 1 registros para alimento ID 15
3/06/2025 7:09:30 p. m.GetFeedingByFood: Encontrados 1 registros para alimento ID 14
3/06/2025 7:09:30 p. m.GetFeedingByFood: Buscando registros para alimento ID 16
3/06/2025 7:09:31 p. m.GetFeedingByFood: Buscando registros para alimento ID 15
3/06/2025 7:09:31 p. m.GetFeedingByFood: Encontrados 1 registros para alimento ID 16
3/06/2025 7:09:31 p. m.GetFeedingByFood: Encontrados 1 registros para alimento ID 15
3/06/2025 7:09:31 p. m.GetFeedingByFood: Buscando registros para alimento ID 17
3/06/2025 7:09:31 p. m.GetFeedingByFood: Buscando registros para alimento ID 16
3/06/2025 7:09:31 p. m.GetFeedingByFood: Encontrados 0 registros para alimento ID 17
3/06/2025 7:09:31 p. m.GetFeedingByFood: Encontrados 1 registros para alimento ID 16
3/06/2025 7:09:31 p. m.GetFeedingByFood: Buscando registros para alimento ID 17
3/06/2025 7:09:32 p. m.GetFeedingByFood: Encontrados 0 registros para alimento ID 17
3/06/2025 7:09:34 p. m.Cambiando estado del alimento ID 16 a Inactivo
3/06/2025 7:09:34 p. m.Cambiando estado de alimento ID 16 de 'Existente' a 'Inactivo'
3/06/2025 7:09:34 p. m.Alimento desactivado a 'Inactivo'
3/06/2025 7:09:34 p. m.Estado final guardado: 'Inactivo' para alimento ID 16
3/06/2025 7:09:34 p. m.GetFeedingByFood: Buscando registros para alimento ID 12
3/06/2025 7:09:34 p. m.GetFeedingByFood: Encontrados 2 registros para alimento ID 12
3/06/2025 7:09:34 p. m.GetFeedingByFood: Buscando registros para alimento ID 12
3/06/2025 7:09:34 p. m.GetFeedingByFood: Encontrados 2 registros para alimento ID 12
3/06/2025 7:09:34 p. m.GetFeedingByFood: Buscando registros para alimento ID 13
3/06/2025 7:09:34 p. m.GetFeedingByFood: Encontrados 1 registros para alimento ID 13
3/06/2025 7:09:34 p. m.GetFeedingByFood: Buscando registros para alimento ID 13
3/06/2025 7:09:34 p. m.GetFeedingByFood: Encontrados 1 registros para alimento ID 13
3/06/2025 7:09:34 p. m.GetFeedingByFood: Buscando registros para alimento ID 14
3/06/2025 7:09:34 p. m.GetFeedingByFood: Encontrados 1 registros para alimento ID 14
3/06/2025 7:09:34 p. m.GetFeedingByFood: Buscando registros para alimento ID 14
3/06/2025 7:09:34 p. m.GetFeedingByFood: Encontrados 1 registros para alimento ID 14
3/06/2025 7:09:34 p. m.GetFeedingByFood: Buscando registros para alimento ID 15
3/06/2025 7:09:34 p. m.GetFeedingByFood: Encontrados 1 registros para alimento ID 15
3/06/2025 7:09:34 p. m.GetFeedingByFood: Buscando registros para alimento ID 15
3/06/2025 7:09:35 p. m.GetFeedingByFood: Encontrados 1 registros para alimento ID 15
3/06/2025 7:09:35 p. m.GetFeedingByFood: Buscando registros para alimento ID 16
3/06/2025 7:09:35 p. m.GetFeedingByFood: Encontrados 1 registros para alimento ID 16
3/06/2025 7:09:35 p. m.GetFeedingByFood: Buscando registros para alimento ID 16
3/06/2025 7:09:35 p. m.GetFeedingByFood: Encontrados 1 registros para alimento ID 16
3/06/2025 7:09:35 p. m.GetFeedingByFood: Buscando registros para alimento ID 17
3/06/2025 7:09:35 p. m.GetFeedingByFood: Encontrados 0 registros para alimento ID 17
3/06/2025 7:09:35 p. m.GetFeedingByFood: Buscando registros para alimento ID 17
3/06/2025 7:09:35 p. m.GetFeedingByFood: Encontrados 0 registros para alimento ID 17
3/06/2025 7:09:36 p. m.GetFeedingByFood: Buscando registros para alimento ID 12
3/06/2025 7:09:36 p. m.GetFeedingByFood: Encontrados 2 registros para alimento ID 12
3/06/2025 7:09:36 p. m.GetFeedingByFood: Buscando registros para alimento ID 12
3/06/2025 7:09:36 p. m.GetFeedingByFood: Buscando registros para alimento ID 13
3/06/2025 7:09:36 p. m.GetFeedingByFood: Encontrados 2 registros para alimento ID 12
3/06/2025 7:09:36 p. m.GetFeedingByFood: Encontrados 1 registros para alimento ID 13
3/06/2025 7:09:36 p. m.GetFeedingByFood: Buscando registros para alimento ID 13
3/06/2025 7:09:36 p. m.GetFeedingByFood: Buscando registros para alimento ID 14
3/06/2025 7:09:36 p. m.GetFeedingByFood: Encontrados 1 registros para alimento ID 14
3/06/2025 7:09:36 p. m.GetFeedingByFood: Encontrados 1 registros para alimento ID 13
3/06/2025 7:09:36 p. m.GetFeedingByFood: Buscando registros para alimento ID 15
3/06/2025 7:09:36 p. m.GetFeedingByFood: Buscando registros para alimento ID 14
3/06/2025 7:09:36 p. m.GetFeedingByFood: Encontrados 1 registros para alimento ID 15
3/06/2025 7:09:36 p. m.GetFeedingByFood: Encontrados 1 registros para alimento ID 14
3/06/2025 7:09:36 p. m.GetFeedingByFood: Buscando registros para alimento ID 16
3/06/2025 7:09:36 p. m.GetFeedingByFood: Buscando registros para alimento ID 15
3/06/2025 7:09:36 p. m.GetFeedingByFood: Encontrados 1 registros para alimento ID 16
3/06/2025 7:09:36 p. m.GetFeedingByFood: Encontrados 1 registros para alimento ID 15
3/06/2025 7:09:36 p. m.GetFeedingByFood: Buscando registros para alimento ID 17
3/06/2025 7:09:36 p. m.GetFeedingByFood: Buscando registros para alimento ID 16
3/06/2025 7:09:36 p. m.GetFeedingByFood: Encontrados 0 registros para alimento ID 17
3/06/2025 7:09:36 p. m.GetFeedingByFood: Encontrados 1 registros para alimento ID 16
3/06/2025 7:09:36 p. m.GetFeedingByFood: Buscando registros para alimento ID 17
3/06/2025 7:09:36 p. m.GetFeedingByFood: Encontrados 0 registros para alimento ID 17
3/06/2025 7:09:42 p. m.Cambiando estado del alimento ID 16 a Existente
3/06/2025 7:09:42 p. m.Cambiando estado de alimento ID 16 de 'Inactivo' a 'Existente'
3/06/2025 7:09:42 p. m.Alimento activado. Estado final después de evaluación automática: 'Existente'
3/06/2025 7:09:42 p. m.Estado final guardado: 'Existente' para alimento ID 16
3/06/2025 7:09:42 p. m.GetFeedingByFood: Buscando registros para alimento ID 12
3/06/2025 7:09:42 p. m.GetFeedingByFood: Encontrados 2 registros para alimento ID 12
3/06/2025 7:09:42 p. m.GetFeedingByFood: Buscando registros para alimento ID 12
3/06/2025 7:09:42 p. m.GetFeedingByFood: Encontrados 2 registros para alimento ID 12
3/06/2025 7:09:42 p. m.GetFeedingByFood: Buscando registros para alimento ID 13
3/06/2025 7:09:42 p. m.GetFeedingByFood: Encontrados 1 registros para alimento ID 13
3/06/2025 7:09:42 p. m.GetFeedingByFood: Buscando registros para alimento ID 13
3/06/2025 7:09:42 p. m.GetFeedingByFood: Encontrados 1 registros para alimento ID 13
3/06/2025 7:09:42 p. m.GetFeedingByFood: Buscando registros para alimento ID 14
3/06/2025 7:09:42 p. m.GetFeedingByFood: Encontrados 1 registros para alimento ID 14
3/06/2025 7:09:42 p. m.GetFeedingByFood: Buscando registros para alimento ID 14
3/06/2025 7:09:42 p. m.GetFeedingByFood: Encontrados 1 registros para alimento ID 14
3/06/2025 7:09:42 p. m.GetFeedingByFood: Buscando registros para alimento ID 15
3/06/2025 7:09:42 p. m.GetFeedingByFood: Encontrados 1 registros para alimento ID 15
3/06/2025 7:09:42 p. m.GetFeedingByFood: Buscando registros para alimento ID 15
3/06/2025 7:09:43 p. m.GetFeedingByFood: Encontrados 1 registros para alimento ID 15
3/06/2025 7:09:43 p. m.GetFeedingByFood: Buscando registros para alimento ID 16
3/06/2025 7:09:43 p. m.GetFeedingByFood: Encontrados 1 registros para alimento ID 16
3/06/2025 7:09:43 p. m.GetFeedingByFood: Buscando registros para alimento ID 16
3/06/2025 7:09:43 p. m.GetFeedingByFood: Encontrados 1 registros para alimento ID 16
3/06/2025 7:09:43 p. m.GetFeedingByFood: Buscando registros para alimento ID 17
3/06/2025 7:09:43 p. m.GetFeedingByFood: Encontrados 0 registros para alimento ID 17
3/06/2025 7:09:43 p. m.GetFeedingByFood: Buscando registros para alimento ID 17
3/06/2025 7:09:43 p. m.GetFeedingByFood: Encontrados 0 registros para alimento ID 17
3/06/2025 7:09:47 p. m.GetFeedingByFood: Buscando registros para alimento ID 12
3/06/2025 7:09:47 p. m.GetFeedingByFood: Encontrados 2 registros para alimento ID 12
3/06/2025 7:09:47 p. m.GetFeedingByFood: Buscando registros para alimento ID 12
3/06/2025 7:09:47 p. m.GetFeedingByFood: Encontrados 2 registros para alimento ID 12
3/06/2025 7:09:47 p. m.GetFeedingByFood: Buscando registros para alimento ID 13
3/06/2025 7:09:47 p. m.GetFeedingByFood: Encontrados 1 registros para alimento ID 13
3/06/2025 7:09:47 p. m.GetFeedingByFood: Buscando registros para alimento ID 13
3/06/2025 7:09:47 p. m.GetFeedingByFood: Encontrados 1 registros para alimento ID 13
3/06/2025 7:09:47 p. m.GetFeedingByFood: Buscando registros para alimento ID 14
3/06/2025 7:09:47 p. m.GetFeedingByFood: Encontrados 1 registros para alimento ID 14
3/06/2025 7:09:47 p. m.GetFeedingByFood: Buscando registros para alimento ID 14
3/06/2025 7:09:47 p. m.GetFeedingByFood: Encontrados 1 registros para alimento ID 14
3/06/2025 7:09:47 p. m.GetFeedingByFood: Buscando registros para alimento ID 15
3/06/2025 7:09:47 p. m.GetFeedingByFood: Encontrados 1 registros para alimento ID 15
3/06/2025 7:09:47 p. m.GetFeedingByFood: Buscando registros para alimento ID 15
3/06/2025 7:09:47 p. m.GetFeedingByFood: Buscando registros para alimento ID 16
3/06/2025 7:09:47 p. m.GetFeedingByFood: Encontrados 1 registros para alimento ID 15
3/06/2025 7:09:47 p. m.GetFeedingByFood: Encontrados 1 registros para alimento ID 16
3/06/2025 7:09:47 p. m.GetFeedingByFood: Buscando registros para alimento ID 17
3/06/2025 7:09:47 p. m.GetFeedingByFood: Buscando registros para alimento ID 16
3/06/2025 7:09:47 p. m.GetFeedingByFood: Encontrados 0 registros para alimento ID 17
3/06/2025 7:09:47 p. m.GetFeedingByFood: Encontrados 1 registros para alimento ID 16
3/06/2025 7:09:47 p. m.GetFeedingByFood: Buscando registros para alimento ID 17
3/06/2025 7:09:47 p. m.GetFeedingByFood: Encontrados 0 registros para alimento ID 17
3/06/2025 7:17:04 p. m.GetAvailableFood: Encontrados 6 alimentos disponibles
3/06/2025 7:17:04 p. m.GetAvailableFood: Encontrados 6 alimentos disponibles
