18/04/2025 1:42:14 p. m.Can't convert NULL to Int32
18/04/2025 1:42:14 p. m.Can't convert NULL to Int32
18/04/2025 1:42:14 p. m.Can't convert NULL to Int32
18/04/2025 1:42:14 p. m.Can't convert NULL to Int32
18/04/2025 1:42:14 p. m.Can't convert NULL to Int32
18/04/2025 1:42:15 p. m.Can't convert NULL to Int32
18/04/2025 1:42:15 p. m.Can't convert NULL to Int32
18/04/2025 4:23:34 p. m.Datos recibidos: fecha=18/04/2025 12:00:00 a. m., valor=12000, cantidad=6, Id_food=6
18/04/2025 7:48:09 p. m.Datos recibidos: Id_food=6, cantidad=7, Id_rabbit=22, Id_user=1
18/04/2025 9:25:36 p. m.GetAvailableFood: Encontrados 1 alimentos disponibles
18/04/2025 9:25:36 p. m.GetAvailableFood: Encontrados 1 alimentos disponibles
18/04/2025 9:29:01 p. m.Datos recibidos: Id_food=6, cantidad=100, Id_rabbit=22, Id_user=1, hora=21:28
18/04/2025 9:51:04 p. m.GetAvailableFood: Encontrados 1 alimentos disponibles
18/04/2025 9:51:04 p. m.GetAvailableFood: Encontrados 1 alimentos disponibles
18/04/2025 9:51:49 p. m.Datos recibidos: Id_food=6, cantidad=100, Id_rabbit=22, Id_user=1, hora=21:51
18/04/2025 9:52:19 p. m.GetAvailableFood: Encontrados 1 alimentos disponibles
18/04/2025 9:52:19 p. m.GetAvailableFood: Encontrados 1 alimentos disponibles
18/04/2025 10:56:47 p. m.Error en GetFeeding: Can't convert Float to Int32
18/04/2025 10:57:54 p. m.Can't convert Float to Int32
18/04/2025 10:57:54 p. m.Can't convert Float to Int32
18/04/2025 10:58:32 p. m.Can't convert Float to Int32
18/04/2025 11:01:46 p. m.GetAvailableFood: Encontrados 3 alimentos disponibles
18/04/2025 11:01:47 p. m.GetAvailableFood: Encontrados 3 alimentos disponibles
18/04/2025 11:02:11 p. m.Datos recibidos: Id_food=7, cantidad=100, Id_rabbit=22, Id_user=1, hora=23:02
18/04/2025 11:02:28 p. m.GetAvailableFood: Encontrados 3 alimentos disponibles
18/04/2025 11:02:28 p. m.GetAvailableFood: Encontrados 3 alimentos disponibles
18/04/2025 11:03:02 p. m.Datos recibidos: Id_food=7, cantidad=100, Id_rabbit=22, Id_user=1, hora=23:02
18/04/2025 11:32:48 p. m.Datos recibidos: fecha=18/04/2025 12:00:00 a. m., valor=23000, cantidad=3, Id_food=9
18/04/2025 11:33:21 p. m.GetAvailableFood: Encontrados 4 alimentos disponibles
18/04/2025 11:33:21 p. m.GetAvailableFood: Encontrados 4 alimentos disponibles
18/04/2025 11:33:47 p. m.Datos recibidos: Id_food=9, cantidad=100, Id_rabbit=22, Id_user=1, hora=23:33
18/04/2025 11:54:08 p. m.Datos recibidos: fecha=18/04/2025 12:00:00 a. m., valor=63000, cantidad=3, Id_food=10
18/04/2025 11:54:27 p. m.GetAvailableFood: Encontrados 6 alimentos disponibles
18/04/2025 11:54:27 p. m.GetAvailableFood: Encontrados 6 alimentos disponibles
18/04/2025 11:54:46 p. m.Datos recibidos: Id_food=10, cantidad=100, Id_rabbit=22, Id_user=1, hora=23:54
