19/04/2025 12:03:55 a. m.GetAvailableFood: Encontrados 6 alimentos disponibles
19/04/2025 12:03:55 a. m.GetAvailableFood: Encontrados 6 alimentos disponibles
19/04/2025 12:04:15 a. m.Datos recibidos: Id_food=10, cantidad=100, Id_rabbit=22, Id_user=1, hora=00:04
19/04/2025 12:08:33 a. m.GetAvailableFood: Encontrados 6 alimentos disponibles
19/04/2025 12:08:33 a. m.GetAvailableFood: Encontrados 6 alimentos disponibles
19/04/2025 12:08:46 a. m.Datos recibidos: Id_food=10, cantidad=100, Id_rabbit=22, Id_user=1, hora=00:08
19/04/2025 12:15:23 a. m.GetAvailableFood: Encontrados 6 alimentos disponibles
19/04/2025 12:15:23 a. m.GetAvailableFood: Encontrados 6 alimentos disponibles
19/04/2025 12:15:36 a. m.Datos recibidos: Id_food=10, cantidad=100, Id_rabbit=22, Id_user=1, hora=00:15
19/04/2025 10:01:05 a. m.GetAvailableFood: Encontrados 6 alimentos disponibles
19/04/2025 10:01:05 a. m.GetAvailableFood: Encontrados 6 alimentos disponibles
19/04/2025 10:14:05 a. m.GetAvailableFood: Encontrados 6 alimentos disponibles
19/04/2025 10:14:05 a. m.GetAvailableFood: Encontrados 6 alimentos disponibles
19/04/2025 11:01:41 a. m.GetAvailableFood: Encontrados 6 alimentos disponibles
19/04/2025 11:01:41 a. m.GetAvailableFood: Encontrados 6 alimentos disponibles
19/04/2025 11:01:59 a. m.Datos recibidos: Id_food=10, cantidad=100, Id_rabbit=22, Id_user=1, hora=11:01
19/04/2025 11:04:24 a. m.GetAvailableFood: Encontrados 6 alimentos disponibles
19/04/2025 11:04:24 a. m.GetAvailableFood: Encontrados 6 alimentos disponibles
19/04/2025 11:04:50 a. m.Datos recibidos: Id_food=9, cantidad=100, Id_rabbit=22, Id_user=3, hora=11:04
19/04/2025 11:05:08 a. m.GetAvailableFood: Encontrados 6 alimentos disponibles
19/04/2025 11:05:08 a. m.GetAvailableFood: Encontrados 6 alimentos disponibles
19/04/2025 11:05:26 a. m.Datos recibidos: Id_food=10, cantidad=105, Id_rabbit=22, Id_user=1, hora=11:05
19/04/2025 11:14:36 a. m.GetAvailableFood: Encontrados 6 alimentos disponibles
19/04/2025 11:14:36 a. m.GetAvailableFood: Encontrados 6 alimentos disponibles
19/04/2025 11:14:49 a. m.Datos recibidos: Id_food=10, cantidad=100, Id_rabbit=22, Id_user=1, hora=11:14
19/04/2025 11:34:16 a. m.GetAvailableFood: Encontrados 6 alimentos disponibles
19/04/2025 11:34:16 a. m.GetAvailableFood: Encontrados 6 alimentos disponibles
19/04/2025 11:34:32 a. m.Datos recibidos: Id_food=6, cantidad=100, Id_rabbit=22, Id_user=1, hora=11:34
19/04/2025 5:27:46 p. m.BCrypt.Net.SaltParseException: Invalid salt version
   at BCrypt.Net.BCrypt.HashPassword(String inputKey, String salt, Boolean enhancedEntropy, HashType hashType)
   at BCrypt.Net.BCrypt.Verify(String text, String hash, Boolean enhancedEntropy, HashType hashType)
   at cunigranja.Controllers.UserController.Login(LoginUser login) in C:\Users\usser\Documents\main\cunigranja\Backend\cunigranja\Controllers\User.Controller.cs:line 42
19/04/2025 5:27:46 p. m.BCrypt.Net.SaltParseException: Invalid salt version
   at BCrypt.Net.BCrypt.HashPassword(String inputKey, String salt, Boolean enhancedEntropy, HashType hashType)
   at BCrypt.Net.BCrypt.Verify(String text, String hash, Boolean enhancedEntropy, HashType hashType)
   at cunigranja.Controllers.UserController.Login(LoginUser login) in C:\Users\usser\Documents\main\cunigranja\Backend\cunigranja\Controllers\User.Controller.cs:line 42
19/04/2025 5:58:54 p. m.BCrypt.Net.SaltParseException: Invalid salt version
   at BCrypt.Net.BCrypt.HashPassword(String inputKey, String salt, Boolean enhancedEntropy, HashType hashType)
   at BCrypt.Net.BCrypt.Verify(String text, String hash, Boolean enhancedEntropy, HashType hashType)
   at cunigranja.Controllers.UserController.Login(LoginUser login)
19/04/2025 5:59:00 p. m.BCrypt.Net.SaltParseException: Invalid salt version
   at BCrypt.Net.BCrypt.HashPassword(String inputKey, String salt, Boolean enhancedEntropy, HashType hashType)
   at BCrypt.Net.BCrypt.Verify(String text, String hash, Boolean enhancedEntropy, HashType hashType)
   at cunigranja.Controllers.UserController.Login(LoginUser login)
19/04/2025 5:59:03 p. m.BCrypt.Net.SaltParseException: Invalid salt version
   at BCrypt.Net.BCrypt.HashPassword(String inputKey, String salt, Boolean enhancedEntropy, HashType hashType)
   at BCrypt.Net.BCrypt.Verify(String text, String hash, Boolean enhancedEntropy, HashType hashType)
   at cunigranja.Controllers.UserController.Login(LoginUser login)
19/04/2025 5:59:08 p. m.BCrypt.Net.SaltParseException: Invalid salt version
   at BCrypt.Net.BCrypt.HashPassword(String inputKey, String salt, Boolean enhancedEntropy, HashType hashType)
   at BCrypt.Net.BCrypt.Verify(String text, String hash, Boolean enhancedEntropy, HashType hashType)
   at cunigranja.Controllers.UserController.Login(LoginUser login)
19/04/2025 5:59:15 p. m.BCrypt.Net.SaltParseException: Invalid salt version
   at BCrypt.Net.BCrypt.HashPassword(String inputKey, String salt, Boolean enhancedEntropy, HashType hashType)
   at BCrypt.Net.BCrypt.Verify(String text, String hash, Boolean enhancedEntropy, HashType hashType)
   at cunigranja.Controllers.UserController.Login(LoginUser login)
19/04/2025 5:59:30 p. m.BCrypt.Net.SaltParseException: Invalid salt version
   at BCrypt.Net.BCrypt.HashPassword(String inputKey, String salt, Boolean enhancedEntropy, HashType hashType)
   at BCrypt.Net.BCrypt.Verify(String text, String hash, Boolean enhancedEntropy, HashType hashType)
   at cunigranja.Controllers.UserController.Login(LoginUser login)
19/04/2025 5:59:33 p. m.BCrypt.Net.SaltParseException: Invalid salt version
   at BCrypt.Net.BCrypt.HashPassword(String inputKey, String salt, Boolean enhancedEntropy, HashType hashType)
   at BCrypt.Net.BCrypt.Verify(String text, String hash, Boolean enhancedEntropy, HashType hashType)
   at cunigranja.Controllers.UserController.Login(LoginUser login)
