10/06/2025 1:39:07 p. m.GetFeedingByFood: Buscando registros para alimento ID 1
10/06/2025 1:39:07 p. m.GetFeedingByFood: Encontrados 0 registros para alimento ID 1
10/06/2025 1:39:07 p. m.GetFeedingByFood: Buscando registros para alimento ID 1
10/06/2025 1:39:07 p. m.GetFeedingByFood: Encontrados 0 registros para alimento ID 1
10/06/2025 1:39:31 p. m.GetAvailableFood: Encontrados 1 alimentos disponibles
10/06/2025 1:39:31 p. m.GetAvailableFood: Encontrados 1 alimentos disponibles
10/06/2025 1:39:43 p. m.Datos recibidos: Id_food=1, cantidad=100, Id_rabbit=1, Id_user=1, hora=13:39, skipRecalculation=False
10/06/2025 1:39:43 p. m.Add: Alimento ID=1, Saldo anterior=40000, Cantidad=100, Nuevo saldo=39900, Existencia actual=39900
10/06/2025 1:41:51 p. m.Datos recibidos: fecha=10/06/2025 12:00:00 a. m., valor=60000, cantidad=3, Id_food=1
10/06/2025 1:41:59 p. m.GetFeedingByFood: Buscando registros para alimento ID 1
10/06/2025 1:41:59 p. m.GetFeedingByFood: Encontrados 1 registros para alimento ID 1
10/06/2025 1:41:59 p. m.GetFeedingByFood: Buscando registros para alimento ID 1
10/06/2025 1:41:59 p. m.GetFeedingByFood: Encontrados 1 registros para alimento ID 1
10/06/2025 1:42:06 p. m.Cambiando estado del alimento ID 1 a Inactivo
10/06/2025 1:42:06 p. m.Cambiando estado de alimento ID 1 de 'Existente' a 'Inactivo'
10/06/2025 1:42:06 p. m.Alimento desactivado a 'Inactivo'
10/06/2025 1:42:06 p. m.Estado final guardado: 'Inactivo' para alimento ID 1
10/06/2025 1:42:07 p. m.GetFeedingByFood: Buscando registros para alimento ID 1
10/06/2025 1:42:07 p. m.GetFeedingByFood: Encontrados 1 registros para alimento ID 1
10/06/2025 1:42:07 p. m.GetFeedingByFood: Buscando registros para alimento ID 1
10/06/2025 1:42:07 p. m.GetFeedingByFood: Encontrados 1 registros para alimento ID 1
10/06/2025 1:42:10 p. m.GetFeedingByFood: Buscando registros para alimento ID 1
10/06/2025 1:42:10 p. m.GetFeedingByFood: Encontrados 1 registros para alimento ID 1
10/06/2025 1:42:10 p. m.GetFeedingByFood: Buscando registros para alimento ID 1
10/06/2025 1:42:10 p. m.GetFeedingByFood: Encontrados 1 registros para alimento ID 1
10/06/2025 1:42:28 p. m.GetAvailableFood: Encontrados 0 alimentos disponibles
10/06/2025 1:42:28 p. m.GetAvailableFood: Encontrados 0 alimentos disponibles
10/06/2025 1:45:32 p. m.GetAvailableFood: Encontrados 0 alimentos disponibles
10/06/2025 1:45:32 p. m.GetAvailableFood: Encontrados 0 alimentos disponibles
