3/09/2024 8:19:30 a. m.System.FormatException: The specified string is not in the form required for an e-mail address.
   at System.Net.Mail.MailAddressParser.TryReadCfwsAndThrowIfIncomplete(String data, Int32 index, Int32& outIndex, Boolean throwExceptionIfFail)
   at System.Net.Mail.MailAddressParser.TryParseDomain(String data, Int32& index, String& domain, Boolean throwExceptionIfFail)
   at System.Net.Mail.MailAddressParser.TryParseAddress(String data, Boolean expectMultipleAddresses, Int32& index, ParseAddressInfo& parseAddressInfo, Boolean throwExceptionIfFail)
   at System.Net.Mail.MailAddressParser.TryParseAddress(String data, ParseAddressInfo& parsedAddress, Boolean throwExceptionIfFail)
   at System.Net.Mail.MailAddress.TryParse(String address, String displayName, Encoding displayNameEncoding, ValueTuple`4& parsedData, Boolean throwExceptionIfFail)
   at System.Net.Mail.MailAddress..ctor(String address)
   at cunigranja.Functions.GeneralFunctions.SendEmail(String EmailDestination) in C:\Users\SENA\Downloads\cunigranja (3)\cunigranja (3)\cunigranja\cunigranja\Functions\General.Functions.cs:line 33
3/09/2024 8:20:31 a. m.System.FormatException: The specified string is not in the form required for an e-mail address.
   at System.Net.Mail.MailAddressParser.TryReadCfwsAndThrowIfIncomplete(String data, Int32 index, Int32& outIndex, Boolean throwExceptionIfFail)
   at System.Net.Mail.MailAddressParser.TryParseDomain(String data, Int32& index, String& domain, Boolean throwExceptionIfFail)
   at System.Net.Mail.MailAddressParser.TryParseAddress(String data, Boolean expectMultipleAddresses, Int32& index, ParseAddressInfo& parseAddressInfo, Boolean throwExceptionIfFail)
   at System.Net.Mail.MailAddressParser.TryParseAddress(String data, ParseAddressInfo& parsedAddress, Boolean throwExceptionIfFail)
   at System.Net.Mail.MailAddress.TryParse(String address, String displayName, Encoding displayNameEncoding, ValueTuple`4& parsedData, Boolean throwExceptionIfFail)
   at System.Net.Mail.MailAddress..ctor(String address)
   at cunigranja.Functions.GeneralFunctions.SendEmail(String EmailDestination) in C:\Users\SENA\Downloads\cunigranja (3)\cunigranja (3)\cunigranja\cunigranja\Functions\General.Functions.cs:line 33
3/09/2024 8:21:18 a. m.System.FormatException: The specified string is not in the form required for an e-mail address.
   at System.Net.Mail.MailAddressParser.TryReadCfwsAndThrowIfIncomplete(String data, Int32 index, Int32& outIndex, Boolean throwExceptionIfFail)
   at System.Net.Mail.MailAddressParser.TryParseDomain(String data, Int32& index, String& domain, Boolean throwExceptionIfFail)
   at System.Net.Mail.MailAddressParser.TryParseAddress(String data, Boolean expectMultipleAddresses, Int32& index, ParseAddressInfo& parseAddressInfo, Boolean throwExceptionIfFail)
   at System.Net.Mail.MailAddressParser.TryParseAddress(String data, ParseAddressInfo& parsedAddress, Boolean throwExceptionIfFail)
   at System.Net.Mail.MailAddress.TryParse(String address, String displayName, Encoding displayNameEncoding, ValueTuple`4& parsedData, Boolean throwExceptionIfFail)
   at System.Net.Mail.MailAddress..ctor(String address)
   at cunigranja.Functions.GeneralFunctions.SendEmail(String EmailDestination) in C:\Users\SENA\Downloads\cunigranja (3)\cunigranja (3)\cunigranja\cunigranja\Functions\General.Functions.cs:line 33
3/09/2024 8:25:54 a. m.System.FormatException: The specified string is not in the form required for an e-mail address.
   at System.Net.Mail.MailAddressParser.TryReadCfwsAndThrowIfIncomplete(String data, Int32 index, Int32& outIndex, Boolean throwExceptionIfFail)
   at System.Net.Mail.MailAddressParser.TryParseDomain(String data, Int32& index, String& domain, Boolean throwExceptionIfFail)
   at System.Net.Mail.MailAddressParser.TryParseAddress(String data, Boolean expectMultipleAddresses, Int32& index, ParseAddressInfo& parseAddressInfo, Boolean throwExceptionIfFail)
   at System.Net.Mail.MailAddressParser.TryParseAddress(String data, ParseAddressInfo& parsedAddress, Boolean throwExceptionIfFail)
   at System.Net.Mail.MailAddress.TryParse(String address, String displayName, Encoding displayNameEncoding, ValueTuple`4& parsedData, Boolean throwExceptionIfFail)
   at System.Net.Mail.MailAddress..ctor(String address)
   at cunigranja.Functions.GeneralFunctions.SendEmail(String EmailDestination) in C:\Users\SENA\Downloads\cunigranja (3)\cunigranja (3)\cunigranja\cunigranja\Functions\General.Functions.cs:line 33
3/09/2024 8:26:29 a. m.System.FormatException: The specified string is not in the form required for an e-mail address.
   at System.Net.Mail.MailAddressParser.TryReadCfwsAndThrowIfIncomplete(String data, Int32 index, Int32& outIndex, Boolean throwExceptionIfFail)
   at System.Net.Mail.MailAddressParser.TryParseDomain(String data, Int32& index, String& domain, Boolean throwExceptionIfFail)
   at System.Net.Mail.MailAddressParser.TryParseAddress(String data, Boolean expectMultipleAddresses, Int32& index, ParseAddressInfo& parseAddressInfo, Boolean throwExceptionIfFail)
   at System.Net.Mail.MailAddressParser.TryParseAddress(String data, ParseAddressInfo& parsedAddress, Boolean throwExceptionIfFail)
   at System.Net.Mail.MailAddress.TryParse(String address, String displayName, Encoding displayNameEncoding, ValueTuple`4& parsedData, Boolean throwExceptionIfFail)
   at System.Net.Mail.MailAddress..ctor(String address)
   at cunigranja.Functions.GeneralFunctions.SendEmail(String EmailDestination) in C:\Users\SENA\Downloads\cunigranja (3)\cunigranja (3)\cunigranja\cunigranja\Functions\General.Functions.cs:line 33
3/09/2024 8:35:10 a. m.System.FormatException: The specified string is not in the form required for an e-mail address.
   at System.Net.Mail.MailAddressParser.TryReadCfwsAndThrowIfIncomplete(String data, Int32 index, Int32& outIndex, Boolean throwExceptionIfFail)
   at System.Net.Mail.MailAddressParser.TryParseDomain(String data, Int32& index, String& domain, Boolean throwExceptionIfFail)
   at System.Net.Mail.MailAddressParser.TryParseAddress(String data, Boolean expectMultipleAddresses, Int32& index, ParseAddressInfo& parseAddressInfo, Boolean throwExceptionIfFail)
   at System.Net.Mail.MailAddressParser.TryParseAddress(String data, ParseAddressInfo& parsedAddress, Boolean throwExceptionIfFail)
   at System.Net.Mail.MailAddress.TryParse(String address, String displayName, Encoding displayNameEncoding, ValueTuple`4& parsedData, Boolean throwExceptionIfFail)
   at System.Net.Mail.MailAddress..ctor(String address)
   at cunigranja.Functions.GeneralFunctions.SendEmail(String EmailDestination) in C:\Users\SENA\Downloads\cunigranja (3)\cunigranja (3)\cunigranja\cunigranja\Functions\General.Functions.cs:line 33
3/09/2024 3:20:06 p. m.System.FormatException: The specified string is not in the form required for an e-mail address.
   at System.Net.Mail.MailAddressParser.TryReadCfwsAndThrowIfIncomplete(String data, Int32 index, Int32& outIndex, Boolean throwExceptionIfFail)
   at System.Net.Mail.MailAddressParser.TryParseDomain(String data, Int32& index, String& domain, Boolean throwExceptionIfFail)
   at System.Net.Mail.MailAddressParser.TryParseAddress(String data, Boolean expectMultipleAddresses, Int32& index, ParseAddressInfo& parseAddressInfo, Boolean throwExceptionIfFail)
   at System.Net.Mail.MailAddressParser.TryParseAddress(String data, ParseAddressInfo& parsedAddress, Boolean throwExceptionIfFail)
   at System.Net.Mail.MailAddress.TryParse(String address, String displayName, Encoding displayNameEncoding, ValueTuple`4& parsedData, Boolean throwExceptionIfFail)
   at System.Net.Mail.MailAddress..ctor(String address)
   at cunigranja.Functions.GeneralFunctions.SendEmail(String EmailDestination) in C:\Users\SENA\Downloads\cunigranja (3)\cunigranja (3)\cunigranja\cunigranja\Functions\General.Functions.cs:line 33
3/09/2024 3:20:41 p. m.System.FormatException: The specified string is not in the form required for an e-mail address.
   at System.Net.Mail.MailAddressParser.TryReadCfwsAndThrowIfIncomplete(String data, Int32 index, Int32& outIndex, Boolean throwExceptionIfFail)
   at System.Net.Mail.MailAddressParser.TryParseDomain(String data, Int32& index, String& domain, Boolean throwExceptionIfFail)
   at System.Net.Mail.MailAddressParser.TryParseAddress(String data, Boolean expectMultipleAddresses, Int32& index, ParseAddressInfo& parseAddressInfo, Boolean throwExceptionIfFail)
   at System.Net.Mail.MailAddressParser.TryParseAddress(String data, ParseAddressInfo& parsedAddress, Boolean throwExceptionIfFail)
   at System.Net.Mail.MailAddress.TryParse(String address, String displayName, Encoding displayNameEncoding, ValueTuple`4& parsedData, Boolean throwExceptionIfFail)
   at System.Net.Mail.MailAddress..ctor(String address)
   at cunigranja.Functions.GeneralFunctions.SendEmail(String EmailDestination) in C:\Users\SENA\Downloads\cunigranja (3)\cunigranja (3)\cunigranja\cunigranja\Functions\General.Functions.cs:line 33
