25/10/2024 8:04:51 a. m.System.InvalidCastException: Unable to cast object of type 'System.DBNull' to type 'System.Boolean'.
   at MySqlConnector.Core.Row.GetBoolean(Int32 ordinal) in /_/src/MySqlConnector/Core/Row.cs:line 111
   at MySqlConnector.MySqlDataReader.GetBoolean(Int32 ordinal) in /_/src/MySqlConnector/MySqlDataReader.cs:line 213
   at lambda_method107(Closure, QueryContext, DbDataReader, ResultContext, SingleQueryResultCoordinator)
   at Microsoft.EntityFrameworkCore.Query.Internal.SingleQueryingEnumerable`1.Enumerator.MoveNext()
   at System.Collections.Generic.List`1..ctor(IEnumerable`1 collection)
   at System.Linq.Enumerable.ToList[TSource](IEnumerable`1 source)
   at cunigranja.Services.UserServices.GetUsers() in C:\Users\SENA\Documents\main\cunigranja\Backend\cunigranja\Services\User.Services.cs:line 15
   at cunigranja.Controllers.UserController.Login(LoginUser login) in C:\Users\SENA\Documents\main\cunigranja\Backend\cunigranja\Controllers\User.Controller.cs:line 37
25/10/2024 8:15:38 a. m.System.InvalidCastException: Unable to cast object of type 'System.Int32' to type 'System.String'.
   at MySqlConnector.Core.Row.GetString(Int32 ordinal) in /_/src/MySqlConnector/Core/Row.cs:line 355
   at MySqlConnector.MySqlDataReader.GetString(Int32 ordinal) in /_/src/MySqlConnector/MySqlDataReader.cs:line 293
   at lambda_method107(Closure, QueryContext, DbDataReader, ResultContext, SingleQueryResultCoordinator)
   at Microsoft.EntityFrameworkCore.Query.Internal.SingleQueryingEnumerable`1.Enumerator.MoveNext()
   at System.Collections.Generic.List`1..ctor(IEnumerable`1 collection)
   at System.Linq.Enumerable.ToList[TSource](IEnumerable`1 source)
   at cunigranja.Services.UserServices.GetUsers() in C:\Users\SENA\Documents\main\cunigranja\Backend\cunigranja\Services\User.Services.cs:line 15
   at cunigranja.Controllers.UserController.Login(LoginUser login) in C:\Users\SENA\Documents\main\cunigranja\Backend\cunigranja\Controllers\User.Controller.cs:line 37
25/10/2024 8:17:08 a. m.System.InvalidCastException: Unable to cast object of type 'System.Int32' to type 'System.String'.
   at MySqlConnector.Core.Row.GetString(Int32 ordinal) in /_/src/MySqlConnector/Core/Row.cs:line 355
   at MySqlConnector.MySqlDataReader.GetString(Int32 ordinal) in /_/src/MySqlConnector/MySqlDataReader.cs:line 293
   at lambda_method107(Closure, QueryContext, DbDataReader, ResultContext, SingleQueryResultCoordinator)
   at Microsoft.EntityFrameworkCore.Query.Internal.SingleQueryingEnumerable`1.Enumerator.MoveNext()
   at System.Collections.Generic.List`1..ctor(IEnumerable`1 collection)
   at System.Linq.Enumerable.ToList[TSource](IEnumerable`1 source)
   at cunigranja.Services.UserServices.GetUsers() in C:\Users\SENA\Documents\main\cunigranja\Backend\cunigranja\Services\User.Services.cs:line 15
   at cunigranja.Controllers.UserController.Login(LoginUser login) in C:\Users\SENA\Documents\main\cunigranja\Backend\cunigranja\Controllers\User.Controller.cs:line 37
25/10/2024 8:21:22 a. m.System.InvalidCastException: Unable to cast object of type 'System.Int32' to type 'System.String'.
   at MySqlConnector.Core.Row.GetString(Int32 ordinal) in /_/src/MySqlConnector/Core/Row.cs:line 355
   at MySqlConnector.MySqlDataReader.GetString(Int32 ordinal) in /_/src/MySqlConnector/MySqlDataReader.cs:line 293
   at lambda_method107(Closure, QueryContext, DbDataReader, ResultContext, SingleQueryResultCoordinator)
   at Microsoft.EntityFrameworkCore.Query.Internal.SingleQueryingEnumerable`1.Enumerator.MoveNext()
   at System.Collections.Generic.List`1..ctor(IEnumerable`1 collection)
   at System.Linq.Enumerable.ToList[TSource](IEnumerable`1 source)
   at cunigranja.Services.UserServices.GetUsers() in C:\Users\SENA\Documents\main\cunigranja\Backend\cunigranja\Services\User.Services.cs:line 15
   at cunigranja.Controllers.UserController.Login(LoginUser login) in C:\Users\SENA\Documents\main\cunigranja\Backend\cunigranja\Controllers\User.Controller.cs:line 37
25/10/2024 8:23:45 a. m.System.InvalidCastException: Unable to cast object of type 'System.Int32' to type 'System.String'.
   at MySqlConnector.Core.Row.GetString(Int32 ordinal) in /_/src/MySqlConnector/Core/Row.cs:line 355
   at MySqlConnector.MySqlDataReader.GetString(Int32 ordinal) in /_/src/MySqlConnector/MySqlDataReader.cs:line 293
   at lambda_method107(Closure, QueryContext, DbDataReader, ResultContext, SingleQueryResultCoordinator)
   at Microsoft.EntityFrameworkCore.Query.Internal.SingleQueryingEnumerable`1.Enumerator.MoveNext()
   at System.Collections.Generic.List`1..ctor(IEnumerable`1 collection)
   at System.Linq.Enumerable.ToList[TSource](IEnumerable`1 source)
   at cunigranja.Services.UserServices.GetUsers()
   at cunigranja.Controllers.UserController.Login(LoginUser login)
25/10/2024 8:29:39 a. m.System.InvalidCastException: Unable to cast object of type 'System.Int32' to type 'System.String'.
   at MySqlConnector.Core.Row.GetString(Int32 ordinal) in /_/src/MySqlConnector/Core/Row.cs:line 355
   at MySqlConnector.MySqlDataReader.GetString(Int32 ordinal) in /_/src/MySqlConnector/MySqlDataReader.cs:line 293
   at lambda_method13(Closure, QueryContext, DbDataReader, ResultContext, SingleQueryResultCoordinator)
   at Microsoft.EntityFrameworkCore.Query.Internal.SingleQueryingEnumerable`1.Enumerator.MoveNext()
   at System.Collections.Generic.List`1..ctor(IEnumerable`1 collection)
   at System.Linq.Enumerable.ToList[TSource](IEnumerable`1 source)
   at cunigranja.Services.UserServices.GetUsers()
   at cunigranja.Controllers.UserController.Login(LoginUser login)
