28/05/2025 9:46:55 a. m.Datos recibidos: fecha=28/05/2025 12:00:00 a. m., valor=50000, cantidad=2, Id_food=13
28/05/2025 9:46:55 a. m.RecalculateFoodBalance: Alimento ID 13, saldo anterior: 120000, nuevo saldo: 120000
28/05/2025 9:46:55 a. m.RecalculateFoodBalance: Actualizada existencia actual en entrada ID 2 a 120000
28/05/2025 9:47:34 a. m.GetAvailableFood: Encontrados 2 alimentos disponibles
28/05/2025 9:47:34 a. m.GetAvailableFood: Encontrados 2 alimentos disponibles
28/05/2025 9:47:42 a. m.GetAvailableFood: Encontrados 2 alimentos disponibles
28/05/2025 9:47:42 a. m.GetAvailableFood: Encontrados 2 alimentos disponibles
28/05/2025 9:48:41 a. m.Datos recibidos: Id_food=13, cantidad=120, Id_rabbit=29, Id_user=2, hora=09:47, skipRecalculation=False
28/05/2025 9:48:41 a. m.Add: Alimento ID=13, Saldo anterior=120000, Cantidad=120, Nuevo saldo=119880, Existencia actual=119880
28/05/2025 9:57:57 a. m.Datos recibidos: fecha=28/05/2025 12:00:00 a. m., valor=40000, cantidad=3, Id_food=14
28/05/2025 9:57:57 a. m.RecalculateFoodBalance: Alimento ID 14, saldo anterior: 160000, nuevo saldo: 160000
28/05/2025 9:57:57 a. m.RecalculateFoodBalance: Actualizada existencia actual en entrada ID 3 a 160000
28/05/2025 2:03:30 p. m.RecalculateFoodBalance: Alimento ID 14, saldo anterior: 200000, nuevo saldo: 200000
28/05/2025 2:03:30 p. m.RecalculateFoodBalance: Actualizada existencia actual en entrada ID 3 a 200000
28/05/2025 2:04:24 p. m.GetAvailableFood: Encontrados 3 alimentos disponibles
28/05/2025 2:04:24 p. m.GetAvailableFood: Encontrados 3 alimentos disponibles
28/05/2025 2:04:39 p. m.Datos recibidos: Id_food=14, cantidad=100, Id_rabbit=30, Id_user=1, hora=14:04, skipRecalculation=False
28/05/2025 2:04:39 p. m.Add: Alimento ID=14, Saldo anterior=200000, Cantidad=100, Nuevo saldo=199900, Existencia actual=199900
28/05/2025 2:07:41 p. m.RecalculateFoodBalance: Alimento ID 14, saldo anterior: 79900, nuevo saldo: 79900
28/05/2025 2:07:41 p. m.RecalculateFoodBalance: Actualizada existencia actual en entrada ID 3 a 79900
28/05/2025 2:07:41 p. m.RecalculateFoodBalance: Encontrados 1 registros de alimentación para alimento ID 14
28/05/2025 2:07:41 p. m.RecalculateFoodBalance: Registro más reciente (ID 6) actualizado a 79800
28/05/2025 2:07:41 p. m.RecalculateFoodBalance: Actualizados 1 registros de alimentación para alimento ID 14
28/05/2025 2:07:41 p. m.RecalculateFoodBalance: Saldo final del alimento actualizado a 79800
28/05/2025 3:22:22 p. m.GetAvailableFood: Encontrados 4 alimentos disponibles
28/05/2025 3:22:22 p. m.GetAvailableFood: Encontrados 4 alimentos disponibles
28/05/2025 3:22:31 p. m.Datos recibidos: Id_food=15, cantidad=100, Id_rabbit=30, Id_user=1, hora=15:22, skipRecalculation=False
28/05/2025 3:22:31 p. m.Add: Alimento ID=15, Saldo anterior=40000, Cantidad=100, Nuevo saldo=39900, Existencia actual=39900
28/05/2025 3:22:55 p. m.Datos recibidos: fecha=28/05/2025 12:00:00 a. m., valor=50000, cantidad=4, Id_food=15
28/05/2025 3:22:55 p. m.=== INICIO RecalculateFoodBalance ===
28/05/2025 3:22:55 p. m.Alimento ID: 15, Nuevo saldo base: 199900
28/05/2025 3:22:55 p. m.Encontrados 1 registros de alimentación
28/05/2025 3:22:55 p. m.Registro ID 7: -100g, saldo resultante: 199800g
28/05/2025 3:22:55 p. m.Saldo final del alimento: 199800g
28/05/2025 3:22:55 p. m.Entrada más reciente ID 4 actualizada a 199900
28/05/2025 3:22:55 p. m.=== FIN RecalculateFoodBalance ===
28/05/2025 3:40:21 p. m.Datos recibidos: fecha=28/05/2025 12:00:00 a. m., valor=50000, cantidad=1, Id_food=15
28/05/2025 3:43:33 p. m.GetAvailableFood: Encontrados 5 alimentos disponibles
28/05/2025 3:43:33 p. m.GetAvailableFood: Encontrados 5 alimentos disponibles
28/05/2025 3:43:44 p. m.Datos recibidos: Id_food=16, cantidad=100, Id_rabbit=31, Id_user=2, hora=15:43, skipRecalculation=False
28/05/2025 3:43:44 p. m.Add: Alimento ID=16, Saldo anterior=40000, Cantidad=100, Nuevo saldo=39900, Existencia actual=39900
28/05/2025 3:44:17 p. m.Datos recibidos: fecha=28/05/2025 12:00:00 a. m., valor=130000, cantidad=1, Id_food=16
28/05/2025 5:22:17 p. m.GetFeedingByFood: Buscando registros para alimento ID 12
28/05/2025 5:22:18 p. m.GetFeedingByFood: Encontrados 2 registros para alimento ID 12
28/05/2025 5:22:18 p. m.GetFeedingByFood: Buscando registros para alimento ID 12
28/05/2025 5:22:18 p. m.GetFeedingByFood: Encontrados 2 registros para alimento ID 12
28/05/2025 5:22:18 p. m.GetFeedingByFood: Buscando registros para alimento ID 13
28/05/2025 5:22:18 p. m.GetFeedingByFood: Encontrados 1 registros para alimento ID 13
28/05/2025 5:22:18 p. m.GetFeedingByFood: Buscando registros para alimento ID 13
28/05/2025 5:22:18 p. m.GetFeedingByFood: Encontrados 1 registros para alimento ID 13
28/05/2025 5:22:18 p. m.GetFeedingByFood: Buscando registros para alimento ID 14
28/05/2025 5:22:18 p. m.GetFeedingByFood: Encontrados 1 registros para alimento ID 14
28/05/2025 5:22:18 p. m.GetFeedingByFood: Buscando registros para alimento ID 14
28/05/2025 5:22:18 p. m.GetFeedingByFood: Encontrados 1 registros para alimento ID 14
28/05/2025 5:22:18 p. m.GetFeedingByFood: Buscando registros para alimento ID 15
28/05/2025 5:22:18 p. m.GetFeedingByFood: Encontrados 1 registros para alimento ID 15
28/05/2025 5:22:18 p. m.GetFeedingByFood: Buscando registros para alimento ID 15
28/05/2025 5:22:18 p. m.GetFeedingByFood: Encontrados 1 registros para alimento ID 15
28/05/2025 5:22:18 p. m.GetFeedingByFood: Buscando registros para alimento ID 16
28/05/2025 5:22:18 p. m.GetFeedingByFood: Encontrados 1 registros para alimento ID 16
28/05/2025 5:22:19 p. m.GetFeedingByFood: Buscando registros para alimento ID 16
28/05/2025 5:22:19 p. m.GetFeedingByFood: Encontrados 1 registros para alimento ID 16
28/05/2025 5:22:43 p. m.GetFeedingByFood: Buscando registros para alimento ID 12
28/05/2025 5:22:43 p. m.GetFeedingByFood: Encontrados 2 registros para alimento ID 12
28/05/2025 5:22:43 p. m.GetFeedingByFood: Buscando registros para alimento ID 12
28/05/2025 5:22:43 p. m.GetFeedingByFood: Encontrados 2 registros para alimento ID 12
28/05/2025 5:22:43 p. m.GetFeedingByFood: Buscando registros para alimento ID 13
28/05/2025 5:22:43 p. m.GetFeedingByFood: Encontrados 1 registros para alimento ID 13
28/05/2025 5:22:43 p. m.GetFeedingByFood: Buscando registros para alimento ID 13
28/05/2025 5:22:43 p. m.GetFeedingByFood: Encontrados 1 registros para alimento ID 13
28/05/2025 5:22:43 p. m.GetFeedingByFood: Buscando registros para alimento ID 14
28/05/2025 5:22:43 p. m.GetFeedingByFood: Encontrados 1 registros para alimento ID 14
28/05/2025 5:22:43 p. m.GetFeedingByFood: Buscando registros para alimento ID 14
28/05/2025 5:22:43 p. m.GetFeedingByFood: Encontrados 1 registros para alimento ID 14
28/05/2025 5:22:43 p. m.GetFeedingByFood: Buscando registros para alimento ID 15
28/05/2025 5:22:43 p. m.GetFeedingByFood: Encontrados 1 registros para alimento ID 15
28/05/2025 5:22:43 p. m.GetFeedingByFood: Buscando registros para alimento ID 15
28/05/2025 5:22:43 p. m.GetFeedingByFood: Encontrados 1 registros para alimento ID 15
28/05/2025 5:22:43 p. m.GetFeedingByFood: Buscando registros para alimento ID 16
28/05/2025 5:22:43 p. m.GetFeedingByFood: Encontrados 1 registros para alimento ID 16
28/05/2025 5:22:43 p. m.GetFeedingByFood: Buscando registros para alimento ID 16
28/05/2025 5:22:43 p. m.GetFeedingByFood: Encontrados 1 registros para alimento ID 16
28/05/2025 5:22:43 p. m.GetFeedingByFood: Buscando registros para alimento ID 17
28/05/2025 5:22:43 p. m.GetFeedingByFood: Encontrados 0 registros para alimento ID 17
28/05/2025 5:22:43 p. m.GetFeedingByFood: Buscando registros para alimento ID 17
28/05/2025 5:22:43 p. m.GetFeedingByFood: Encontrados 0 registros para alimento ID 17
28/05/2025 5:42:28 p. m.GetFeedingByFood: Buscando registros para alimento ID 12
28/05/2025 5:42:28 p. m.GetFeedingByFood: Encontrados 2 registros para alimento ID 12
28/05/2025 5:42:28 p. m.GetFeedingByFood: Buscando registros para alimento ID 12
28/05/2025 5:42:28 p. m.GetFeedingByFood: Encontrados 2 registros para alimento ID 12
28/05/2025 5:42:28 p. m.GetFeedingByFood: Buscando registros para alimento ID 12
28/05/2025 5:42:28 p. m.GetFeedingByFood: Buscando registros para alimento ID 13
28/05/2025 5:42:28 p. m.GetFeedingByFood: Encontrados 2 registros para alimento ID 12
28/05/2025 5:42:28 p. m.GetFeedingByFood: Buscando registros para alimento ID 12
28/05/2025 5:42:28 p. m.GetFeedingByFood: Encontrados 2 registros para alimento ID 12
28/05/2025 5:42:28 p. m.GetFeedingByFood: Encontrados 1 registros para alimento ID 13
28/05/2025 5:42:28 p. m.GetFeedingByFood: Buscando registros para alimento ID 13
28/05/2025 5:42:28 p. m.GetFeedingByFood: Encontrados 1 registros para alimento ID 13
28/05/2025 5:42:28 p. m.GetFeedingByFood: Buscando registros para alimento ID 14
28/05/2025 5:42:28 p. m.GetFeedingByFood: Buscando registros para alimento ID 13
28/05/2025 5:42:28 p. m.GetFeedingByFood: Encontrados 1 registros para alimento ID 14
28/05/2025 5:42:29 p. m.GetFeedingByFood: Encontrados 1 registros para alimento ID 13
28/05/2025 5:42:29 p. m.GetFeedingByFood: Buscando registros para alimento ID 14
28/05/2025 5:42:29 p. m.GetFeedingByFood: Buscando registros para alimento ID 13
28/05/2025 5:42:29 p. m.GetFeedingByFood: Encontrados 1 registros para alimento ID 14
28/05/2025 5:42:29 p. m.GetFeedingByFood: Encontrados 1 registros para alimento ID 13
28/05/2025 5:42:29 p. m.GetFeedingByFood: Buscando registros para alimento ID 14
28/05/2025 5:42:29 p. m.GetFeedingByFood: Buscando registros para alimento ID 15
28/05/2025 5:42:29 p. m.GetFeedingByFood: Encontrados 1 registros para alimento ID 15
28/05/2025 5:42:29 p. m.GetFeedingByFood: Encontrados 1 registros para alimento ID 14
28/05/2025 5:42:29 p. m.GetFeedingByFood: Buscando registros para alimento ID 15
28/05/2025 5:42:29 p. m.GetFeedingByFood: Encontrados 1 registros para alimento ID 15
28/05/2025 5:42:29 p. m.GetFeedingByFood: Buscando registros para alimento ID 14
28/05/2025 5:42:29 p. m.GetFeedingByFood: Encontrados 1 registros para alimento ID 14
28/05/2025 5:42:29 p. m.GetFeedingByFood: Buscando registros para alimento ID 15
28/05/2025 5:42:29 p. m.GetFeedingByFood: Encontrados 1 registros para alimento ID 15
28/05/2025 5:42:29 p. m.GetFeedingByFood: Buscando registros para alimento ID 15
28/05/2025 5:42:29 p. m.GetFeedingByFood: Buscando registros para alimento ID 16
28/05/2025 5:42:29 p. m.GetFeedingByFood: Encontrados 1 registros para alimento ID 15
28/05/2025 5:42:29 p. m.GetFeedingByFood: Encontrados 1 registros para alimento ID 16
28/05/2025 5:42:29 p. m.GetFeedingByFood: Buscando registros para alimento ID 16
28/05/2025 5:42:29 p. m.GetFeedingByFood: Encontrados 1 registros para alimento ID 16
28/05/2025 5:42:29 p. m.GetFeedingByFood: Buscando registros para alimento ID 16
28/05/2025 5:42:29 p. m.GetFeedingByFood: Buscando registros para alimento ID 17
28/05/2025 5:42:29 p. m.GetFeedingByFood: Encontrados 1 registros para alimento ID 16
28/05/2025 5:42:29 p. m.GetFeedingByFood: Encontrados 0 registros para alimento ID 17
28/05/2025 5:42:29 p. m.GetFeedingByFood: Buscando registros para alimento ID 16
28/05/2025 5:42:29 p. m.GetFeedingByFood: Encontrados 1 registros para alimento ID 16
28/05/2025 5:42:29 p. m.GetFeedingByFood: Buscando registros para alimento ID 17
28/05/2025 5:42:29 p. m.GetFeedingByFood: Encontrados 0 registros para alimento ID 17
28/05/2025 5:42:29 p. m.GetFeedingByFood: Buscando registros para alimento ID 17
28/05/2025 5:42:29 p. m.GetFeedingByFood: Encontrados 0 registros para alimento ID 17
28/05/2025 5:42:29 p. m.GetFeedingByFood: Buscando registros para alimento ID 17
28/05/2025 5:42:29 p. m.GetFeedingByFood: Encontrados 0 registros para alimento ID 17
