16/06/2025 1:09:18 a. m.GetFeedingByFood: Buscando registros para alimento ID 12
16/06/2025 1:09:18 a. m.GetFeedingByFood: Encontrados 2 registros para alimento ID 12
16/06/2025 1:09:18 a. m.GetFeedingByFood: Buscando registros para alimento ID 12
16/06/2025 1:09:18 a. m.GetFeedingByFood: Encontrados 2 registros para alimento ID 12
16/06/2025 1:09:18 a. m.GetFeedingByFood: Buscando registros para alimento ID 13
16/06/2025 1:09:18 a. m.GetFeedingByFood: Encontrados 1 registros para alimento ID 13
16/06/2025 1:09:18 a. m.GetFeedingByFood: Buscando registros para alimento ID 13
16/06/2025 1:09:18 a. m.GetFeedingByFood: Encontrados 1 registros para alimento ID 13
16/06/2025 1:09:18 a. m.GetFeedingByFood: Buscando registros para alimento ID 14
16/06/2025 1:09:18 a. m.GetFeedingByFood: Encontrados 1 registros para alimento ID 14
16/06/2025 1:09:18 a. m.GetFeedingByFood: Buscando registros para alimento ID 14
16/06/2025 1:09:18 a. m.GetFeedingByFood: Encontrados 1 registros para alimento ID 14
16/06/2025 1:09:18 a. m.GetFeedingByFood: Buscando registros para alimento ID 15
16/06/2025 1:09:18 a. m.GetFeedingByFood: Encontrados 1 registros para alimento ID 15
16/06/2025 1:09:18 a. m.GetFeedingByFood: Buscando registros para alimento ID 15
16/06/2025 1:09:18 a. m.GetFeedingByFood: Encontrados 1 registros para alimento ID 15
16/06/2025 1:09:18 a. m.GetFeedingByFood: Buscando registros para alimento ID 16
16/06/2025 1:09:18 a. m.GetFeedingByFood: Encontrados 1 registros para alimento ID 16
16/06/2025 1:09:18 a. m.GetFeedingByFood: Buscando registros para alimento ID 16
16/06/2025 1:09:18 a. m.GetFeedingByFood: Encontrados 1 registros para alimento ID 16
16/06/2025 1:09:19 a. m.GetFeedingByFood: Buscando registros para alimento ID 17
16/06/2025 1:09:19 a. m.GetFeedingByFood: Encontrados 0 registros para alimento ID 17
16/06/2025 1:09:19 a. m.GetFeedingByFood: Buscando registros para alimento ID 17
16/06/2025 1:09:19 a. m.GetFeedingByFood: Encontrados 0 registros para alimento ID 17
16/06/2025 1:09:24 a. m.GetFeedingByFood: Buscando registros para alimento ID 12
16/06/2025 1:09:24 a. m.GetFeedingByFood: Encontrados 2 registros para alimento ID 12
16/06/2025 1:09:24 a. m.GetFeedingByFood: Buscando registros para alimento ID 12
16/06/2025 1:09:24 a. m.GetFeedingByFood: Encontrados 2 registros para alimento ID 12
16/06/2025 1:09:24 a. m.GetFeedingByFood: Buscando registros para alimento ID 13
16/06/2025 1:09:24 a. m.GetFeedingByFood: Encontrados 1 registros para alimento ID 13
16/06/2025 1:09:24 a. m.GetFeedingByFood: Buscando registros para alimento ID 13
16/06/2025 1:09:24 a. m.GetFeedingByFood: Encontrados 1 registros para alimento ID 13
16/06/2025 1:09:24 a. m.GetFeedingByFood: Buscando registros para alimento ID 14
16/06/2025 1:09:24 a. m.GetFeedingByFood: Encontrados 1 registros para alimento ID 14
16/06/2025 1:09:24 a. m.GetFeedingByFood: Buscando registros para alimento ID 14
16/06/2025 1:09:24 a. m.GetFeedingByFood: Encontrados 1 registros para alimento ID 14
16/06/2025 1:09:24 a. m.GetFeedingByFood: Buscando registros para alimento ID 15
16/06/2025 1:09:24 a. m.GetFeedingByFood: Encontrados 1 registros para alimento ID 15
16/06/2025 1:09:24 a. m.GetFeedingByFood: Buscando registros para alimento ID 15
16/06/2025 1:09:24 a. m.GetFeedingByFood: Encontrados 1 registros para alimento ID 15
16/06/2025 1:09:24 a. m.GetFeedingByFood: Buscando registros para alimento ID 16
16/06/2025 1:09:24 a. m.GetFeedingByFood: Encontrados 1 registros para alimento ID 16
16/06/2025 1:09:24 a. m.GetFeedingByFood: Buscando registros para alimento ID 16
16/06/2025 1:09:24 a. m.GetFeedingByFood: Encontrados 1 registros para alimento ID 16
16/06/2025 1:09:24 a. m.GetFeedingByFood: Buscando registros para alimento ID 17
16/06/2025 1:09:24 a. m.GetFeedingByFood: Encontrados 0 registros para alimento ID 17
16/06/2025 1:09:24 a. m.GetFeedingByFood: Buscando registros para alimento ID 17
16/06/2025 1:09:24 a. m.GetFeedingByFood: Encontrados 0 registros para alimento ID 17
16/06/2025 1:09:45 a. m.GetFeedingByFood: Buscando registros para alimento ID 12
16/06/2025 1:09:45 a. m.GetFeedingByFood: Encontrados 2 registros para alimento ID 12
16/06/2025 1:09:45 a. m.GetFeedingByFood: Buscando registros para alimento ID 12
16/06/2025 1:09:45 a. m.GetFeedingByFood: Encontrados 2 registros para alimento ID 12
16/06/2025 1:09:45 a. m.GetFeedingByFood: Buscando registros para alimento ID 13
16/06/2025 1:09:45 a. m.GetFeedingByFood: Encontrados 1 registros para alimento ID 13
16/06/2025 1:09:45 a. m.GetFeedingByFood: Buscando registros para alimento ID 13
16/06/2025 1:09:45 a. m.GetFeedingByFood: Encontrados 1 registros para alimento ID 13
16/06/2025 1:09:45 a. m.GetFeedingByFood: Buscando registros para alimento ID 14
16/06/2025 1:09:45 a. m.GetFeedingByFood: Encontrados 1 registros para alimento ID 14
16/06/2025 1:09:45 a. m.GetFeedingByFood: Buscando registros para alimento ID 14
16/06/2025 1:09:45 a. m.GetFeedingByFood: Encontrados 1 registros para alimento ID 14
16/06/2025 1:09:45 a. m.GetFeedingByFood: Buscando registros para alimento ID 15
16/06/2025 1:09:45 a. m.GetFeedingByFood: Encontrados 1 registros para alimento ID 15
16/06/2025 1:09:45 a. m.GetFeedingByFood: Buscando registros para alimento ID 15
16/06/2025 1:09:45 a. m.GetFeedingByFood: Encontrados 1 registros para alimento ID 15
16/06/2025 1:09:45 a. m.GetFeedingByFood: Buscando registros para alimento ID 16
16/06/2025 1:09:45 a. m.GetFeedingByFood: Encontrados 1 registros para alimento ID 16
16/06/2025 1:09:45 a. m.GetFeedingByFood: Buscando registros para alimento ID 16
16/06/2025 1:09:45 a. m.GetFeedingByFood: Encontrados 1 registros para alimento ID 16
16/06/2025 1:09:45 a. m.GetFeedingByFood: Buscando registros para alimento ID 17
16/06/2025 1:09:45 a. m.GetFeedingByFood: Encontrados 0 registros para alimento ID 17
16/06/2025 1:09:45 a. m.GetFeedingByFood: Buscando registros para alimento ID 17
16/06/2025 1:09:45 a. m.GetFeedingByFood: Encontrados 0 registros para alimento ID 17
16/06/2025 7:30:50 a. m.GetFeedingByFood: Buscando registros para alimento ID 1
16/06/2025 7:30:50 a. m.GetFeedingByFood: Encontrados 1 registros para alimento ID 1
16/06/2025 7:30:50 a. m.GetFeedingByFood: Buscando registros para alimento ID 1
16/06/2025 7:30:50 a. m.GetFeedingByFood: Encontrados 1 registros para alimento ID 1
16/06/2025 7:30:50 a. m.GetFeedingByFood: Buscando registros para alimento ID 2
16/06/2025 7:30:50 a. m.GetFeedingByFood: Encontrados 0 registros para alimento ID 2
16/06/2025 7:30:50 a. m.GetFeedingByFood: Buscando registros para alimento ID 2
16/06/2025 7:30:50 a. m.GetFeedingByFood: Encontrados 0 registros para alimento ID 2
16/06/2025 7:32:30 a. m.GetFeedingByFood: Buscando registros para alimento ID 1
16/06/2025 7:32:30 a. m.GetFeedingByFood: Encontrados 1 registros para alimento ID 1
16/06/2025 7:32:30 a. m.GetFeedingByFood: Buscando registros para alimento ID 1
16/06/2025 7:32:30 a. m.GetFeedingByFood: Encontrados 1 registros para alimento ID 1
16/06/2025 7:32:30 a. m.GetFeedingByFood: Buscando registros para alimento ID 1
16/06/2025 7:32:30 a. m.GetFeedingByFood: Encontrados 1 registros para alimento ID 1
16/06/2025 7:32:30 a. m.GetFeedingByFood: Buscando registros para alimento ID 1
16/06/2025 7:32:30 a. m.GetFeedingByFood: Encontrados 1 registros para alimento ID 1
16/06/2025 7:32:30 a. m.GetFeedingByFood: Buscando registros para alimento ID 2
16/06/2025 7:32:30 a. m.GetFeedingByFood: Encontrados 0 registros para alimento ID 2
16/06/2025 7:32:30 a. m.GetFeedingByFood: Buscando registros para alimento ID 2
16/06/2025 7:32:30 a. m.GetFeedingByFood: Encontrados 0 registros para alimento ID 2
16/06/2025 7:32:30 a. m.GetFeedingByFood: Buscando registros para alimento ID 2
16/06/2025 7:32:30 a. m.GetFeedingByFood: Encontrados 0 registros para alimento ID 2
16/06/2025 7:32:30 a. m.GetFeedingByFood: Buscando registros para alimento ID 2
16/06/2025 7:32:30 a. m.GetFeedingByFood: Encontrados 0 registros para alimento ID 2
<<<<<<< HEAD
=======
16/06/2025 9:52:19 a. m.MySqlConnector.MySqlException (0x80004005): Access denied for user 'root'@'localhost' (using password: YES)
   at MySqlConnector.Core.ServerSession.ReceiveReplyAsync(IOBehavior ioBehavior, CancellationToken cancellationToken) in /_/src/MySqlConnector/Core/ServerSession.cs:line 894
   at MySqlConnector.Core.ServerSession.SendClearPasswordAsync(String password, IOBehavior ioBehavior, CancellationToken cancellationToken) in /_/src/MySqlConnector/Core/ServerSession.cs:line 743
   at MySqlConnector.Core.ServerSession.SwitchAuthenticationAsync(ConnectionSettings cs, String password, PayloadData payload, IOBehavior ioBehavior, CancellationToken cancellationToken) in /_/src/MySqlConnector/Core/ServerSession.cs:line 712
   at MySqlConnector.Core.ServerSession.ConnectAsync(ConnectionSettings cs, MySqlConnection connection, Int64 startingTimestamp, ILoadBalancer loadBalancer, Activity activity, IOBehavior ioBehavior, CancellationToken cancellationToken) in /_/src/MySqlConnector/Core/ServerSession.cs:line 537
   at MySqlConnector.Core.ConnectionPool.ConnectSessionAsync(MySqlConnection connection, Action`4 logMessage, Int64 startingTimestamp, Activity activity, IOBehavior ioBehavior, CancellationToken cancellationToken) in /_/src/MySqlConnector/Core/ConnectionPool.cs:line 428
   at MySqlConnector.Core.ConnectionPool.ConnectSessionAsync(MySqlConnection connection, Action`4 logMessage, Int64 startingTimestamp, Activity activity, IOBehavior ioBehavior, CancellationToken cancellationToken) in /_/src/MySqlConnector/Core/ConnectionPool.cs:line 433
   at MySqlConnector.Core.ConnectionPool.GetSessionAsync(MySqlConnection connection, Int64 startingTimestamp, Int32 timeoutMilliseconds, Activity activity, IOBehavior ioBehavior, CancellationToken cancellationToken) in /_/src/MySqlConnector/Core/ConnectionPool.cs:line 111
   at MySqlConnector.Core.ConnectionPool.GetSessionAsync(MySqlConnection connection, Int64 startingTimestamp, Int32 timeoutMilliseconds, Activity activity, IOBehavior ioBehavior, CancellationToken cancellationToken) in /_/src/MySqlConnector/Core/ConnectionPool.cs:line 144
   at MySqlConnector.MySqlConnection.CreateSessionAsync(ConnectionPool pool, Int64 startingTimestamp, Activity activity, Nullable`1 ioBehavior, CancellationToken cancellationToken) in /_/src/MySqlConnector/MySqlConnection.cs:line 919
   at MySqlConnector.MySqlConnection.OpenAsync(Nullable`1 ioBehavior, CancellationToken cancellationToken) in /_/src/MySqlConnector/MySqlConnection.cs:line 419
   at MySqlConnector.MySqlConnection.Open() in /_/src/MySqlConnector/MySqlConnection.cs:line 381
   at Microsoft.EntityFrameworkCore.Storage.RelationalConnection.OpenDbConnection(Boolean errorsExpected)
   at Microsoft.EntityFrameworkCore.Storage.RelationalConnection.OpenInternal(Boolean errorsExpected)
   at Microsoft.EntityFrameworkCore.Storage.RelationalConnection.Open(Boolean errorsExpected)
   at Pomelo.EntityFrameworkCore.MySql.Storage.Internal.MySqlRelationalConnection.Open(Boolean errorsExpected)
   at Microsoft.EntityFrameworkCore.Storage.RelationalConnection.BeginTransaction(IsolationLevel isolationLevel)
   at Microsoft.EntityFrameworkCore.Storage.RelationalConnection.BeginTransaction()
   at Microsoft.EntityFrameworkCore.Update.Internal.BatchExecutor.Execute(IEnumerable`1 commandBatches, IRelationalConnection connection)
   at Microsoft.EntityFrameworkCore.Storage.RelationalDatabase.SaveChanges(IList`1 entries)
   at Microsoft.EntityFrameworkCore.ChangeTracking.Internal.StateManager.SaveChanges(IList`1 entriesToSave)
   at Microsoft.EntityFrameworkCore.ChangeTracking.Internal.StateManager.SaveChanges(StateManager stateManager, Boolean acceptAllChangesOnSuccess)
   at Microsoft.EntityFrameworkCore.ChangeTracking.Internal.StateManager.<>c.<SaveChanges>b__112_0(DbContext _, ValueTuple`2 t)
   at Pomelo.EntityFrameworkCore.MySql.Storage.Internal.MySqlExecutionStrategy.Execute[TState,TResult](TState state, Func`3 operation, Func`3 verifySucceeded)
   at Microsoft.EntityFrameworkCore.ChangeTracking.Internal.StateManager.SaveChanges(Boolean acceptAllChangesOnSuccess)
   at Microsoft.EntityFrameworkCore.DbContext.SaveChanges(Boolean acceptAllChangesOnSuccess)
   at Microsoft.EntityFrameworkCore.DbContext.SaveChanges()
   at cunigranja.Services.UserServices.Add(User entity) in C:\Users\nesto\OneDrive\Desktop\Cunigranja-Nv\Backend\cunigranja\Services\User.Services.cs:line 27
   at cunigranja.Controllers.UserController.CreateUser(User entity) in C:\Users\nesto\OneDrive\Desktop\Cunigranja-Nv\Backend\cunigranja\Controllers\User.Controller.cs:line 232
16/06/2025 9:52:59 a. m.MySqlConnector.MySqlException (0x80004005): Access denied for user 'root'@'localhost' (using password: YES)
   at MySqlConnector.Core.ServerSession.ReceiveReplyAsync(IOBehavior ioBehavior, CancellationToken cancellationToken) in /_/src/MySqlConnector/Core/ServerSession.cs:line 894
   at MySqlConnector.Core.ServerSession.SendClearPasswordAsync(String password, IOBehavior ioBehavior, CancellationToken cancellationToken) in /_/src/MySqlConnector/Core/ServerSession.cs:line 743
   at MySqlConnector.Core.ServerSession.SwitchAuthenticationAsync(ConnectionSettings cs, String password, PayloadData payload, IOBehavior ioBehavior, CancellationToken cancellationToken) in /_/src/MySqlConnector/Core/ServerSession.cs:line 712
   at MySqlConnector.Core.ServerSession.ConnectAsync(ConnectionSettings cs, MySqlConnection connection, Int64 startingTimestamp, ILoadBalancer loadBalancer, Activity activity, IOBehavior ioBehavior, CancellationToken cancellationToken) in /_/src/MySqlConnector/Core/ServerSession.cs:line 537
   at MySqlConnector.Core.ConnectionPool.ConnectSessionAsync(MySqlConnection connection, Action`4 logMessage, Int64 startingTimestamp, Activity activity, IOBehavior ioBehavior, CancellationToken cancellationToken) in /_/src/MySqlConnector/Core/ConnectionPool.cs:line 428
   at MySqlConnector.Core.ConnectionPool.ConnectSessionAsync(MySqlConnection connection, Action`4 logMessage, Int64 startingTimestamp, Activity activity, IOBehavior ioBehavior, CancellationToken cancellationToken) in /_/src/MySqlConnector/Core/ConnectionPool.cs:line 433
   at MySqlConnector.Core.ConnectionPool.GetSessionAsync(MySqlConnection connection, Int64 startingTimestamp, Int32 timeoutMilliseconds, Activity activity, IOBehavior ioBehavior, CancellationToken cancellationToken) in /_/src/MySqlConnector/Core/ConnectionPool.cs:line 111
   at MySqlConnector.Core.ConnectionPool.GetSessionAsync(MySqlConnection connection, Int64 startingTimestamp, Int32 timeoutMilliseconds, Activity activity, IOBehavior ioBehavior, CancellationToken cancellationToken) in /_/src/MySqlConnector/Core/ConnectionPool.cs:line 144
   at MySqlConnector.MySqlConnection.CreateSessionAsync(ConnectionPool pool, Int64 startingTimestamp, Activity activity, Nullable`1 ioBehavior, CancellationToken cancellationToken) in /_/src/MySqlConnector/MySqlConnection.cs:line 919
   at MySqlConnector.MySqlConnection.OpenAsync(Nullable`1 ioBehavior, CancellationToken cancellationToken) in /_/src/MySqlConnector/MySqlConnection.cs:line 419
   at MySqlConnector.MySqlConnection.Open() in /_/src/MySqlConnector/MySqlConnection.cs:line 381
   at Microsoft.EntityFrameworkCore.Storage.RelationalConnection.OpenDbConnection(Boolean errorsExpected)
   at Microsoft.EntityFrameworkCore.Storage.RelationalConnection.OpenInternal(Boolean errorsExpected)
   at Microsoft.EntityFrameworkCore.Storage.RelationalConnection.Open(Boolean errorsExpected)
   at Pomelo.EntityFrameworkCore.MySql.Storage.Internal.MySqlRelationalConnection.Open(Boolean errorsExpected)
   at Microsoft.EntityFrameworkCore.Storage.RelationalConnection.BeginTransaction(IsolationLevel isolationLevel)
   at Microsoft.EntityFrameworkCore.Storage.RelationalConnection.BeginTransaction()
   at Microsoft.EntityFrameworkCore.Update.Internal.BatchExecutor.Execute(IEnumerable`1 commandBatches, IRelationalConnection connection)
   at Microsoft.EntityFrameworkCore.Storage.RelationalDatabase.SaveChanges(IList`1 entries)
   at Microsoft.EntityFrameworkCore.ChangeTracking.Internal.StateManager.SaveChanges(IList`1 entriesToSave)
   at Microsoft.EntityFrameworkCore.ChangeTracking.Internal.StateManager.SaveChanges(StateManager stateManager, Boolean acceptAllChangesOnSuccess)
   at Microsoft.EntityFrameworkCore.ChangeTracking.Internal.StateManager.<>c.<SaveChanges>b__112_0(DbContext _, ValueTuple`2 t)
   at Pomelo.EntityFrameworkCore.MySql.Storage.Internal.MySqlExecutionStrategy.Execute[TState,TResult](TState state, Func`3 operation, Func`3 verifySucceeded)
   at Microsoft.EntityFrameworkCore.ChangeTracking.Internal.StateManager.SaveChanges(Boolean acceptAllChangesOnSuccess)
   at Microsoft.EntityFrameworkCore.DbContext.SaveChanges(Boolean acceptAllChangesOnSuccess)
   at Microsoft.EntityFrameworkCore.DbContext.SaveChanges()
   at cunigranja.Services.UserServices.Add(User entity) in C:\Users\nesto\OneDrive\Desktop\Cunigranja-Nv\Backend\cunigranja\Services\User.Services.cs:line 27
   at cunigranja.Controllers.UserController.CreateUser(User entity) in C:\Users\nesto\OneDrive\Desktop\Cunigranja-Nv\Backend\cunigranja\Controllers\User.Controller.cs:line 232
>>>>>>> 5778637353c2db992520ee2ba3a3b42b97ccbb83
